[ERROR 2020-05-03 22:26:14]程序奔溃啦！ 快点联系开发者！
[ERROR 2020-05-03 22:26:14]程序奔溃啦！ 快点联系开发者！
[ERROR 2020-05-03 22:53:50]Traceback (most recent call last):
  File "D:\04_code\github\python\read_html_venv\project\plugs\decorator.py", line 27, in wrapper
    _ret = func(*args, **kwargs)
  File "D:/04_code/github/python/read_html_venv/project/main.py", line 169, in _start_btn_back
    self._handle()
  File "D:/04_code/github/python/read_html_venv/project/main.py", line 186, in _handle
    assessmentUI.set_fore()
  File "D:\04_code\github\python\read_html_venv\project\toprice\assessment_UI.py", line 36, in set_fore
    win32gui.SetForegroundWindow(self.hwnd)
pywintypes.error: (1400, 'SetForegroundWindow', '无效的窗口句柄。')

[ERROR 2020-05-03 23:04:51]Traceback (most recent call last):
  File "D:\04_code\github\python\read_html_venv\project\plugs\decorator.py", line 27, in wrapper
    _ret = func(*args, **kwargs)
  File "D:/04_code/github/python/read_html_venv/project/main.py", line 182, in _start_btn_back
    self._handle()
  File "D:/04_code/github/python/read_html_venv/project/main.py", line 209, in _handle
    handleFile = HandleFile(url)
  File "D:\04_code\github\python\read_html_venv\project\toprice\handle_file.py", line 13, in __init__
    self.file_path = file_path.replace("file:///", "")  # 文件路径
AttributeError: 'NoneType' object has no attribute 'replace'

