[ERROR 2020-05-02 16:55:34]程序奔溃啦！ 快点联系开发者！
[ERROR 2020-05-02 16:55:34]程序奔溃啦！ 快点联系开发者！
[ERROR 2020-05-02 22:14:20]Traceback (most recent call last):
  File "D:\04_code\github\python\read_html_venv\project\plugs\decorator.py", line 27, in wrapper
    _ret = func(*args, **kwargs)
  File "D:/04_code/github/python/read_html_venv/project/main.py", line 180, in _start_btn_back
    self._handle()
  File "D:/04_code/github/python/read_html_venv/project/main.py", line 189, in _handle
    assessmentUI.set_fore()
  File "D:\04_code\github\python\read_html_venv\project\toprice\assessment_UI.py", line 36, in set_fore
    win32gui.SetForegroundWindow(self.hwnd)
pywintypes.error: (1400, 'SetForegroundWindow', '无效的窗口句柄。')

[ERROR 2020-05-02 22:15:59]Traceback (most recent call last):
  File "D:\04_code\github\python\read_html_venv\project\plugs\decorator.py", line 27, in wrapper
    _ret = func(*args, **kwargs)
  File "D:/04_code/github/python/read_html_venv/project/main.py", line 180, in _start_btn_back
    self._handle()
  File "D:/04_code/github/python/read_html_venv/project/main.py", line 189, in _handle
    assessmentUI.set_fore()
  File "D:\04_code\github\python\read_html_venv\project\toprice\assessment_UI.py", line 36, in set_fore
    win32gui.SetForegroundWindow(self.hwnd)
pywintypes.error: (1400, 'SetForegroundWindow', '无效的窗口句柄。')

[ERROR 2020-05-02 22:16:48]Traceback (most recent call last):
  File "D:\04_code\github\python\read_html_venv\project\plugs\decorator.py", line 27, in wrapper
    _ret = func(*args, **kwargs)
  File "D:/04_code/github/python/read_html_venv/project/main.py", line 181, in _start_btn_back
    self._handle()
  File "D:/04_code/github/python/read_html_venv/project/main.py", line 190, in _handle
    assessmentUI.set_fore()
  File "D:\04_code\github\python\read_html_venv\project\toprice\assessment_UI.py", line 36, in set_fore
    win32gui.SetForegroundWindow(self.hwnd)
pywintypes.error: (1400, 'SetForegroundWindow', '无效的窗口句柄。')

[ERROR 2020-05-02 22:16:49]Traceback (most recent call last):
  File "D:\04_code\github\python\read_html_venv\project\plugs\decorator.py", line 27, in wrapper
    _ret = func(*args, **kwargs)
  File "D:/04_code/github/python/read_html_venv/project/main.py", line 181, in _start_btn_back
    self._handle()
  File "D:/04_code/github/python/read_html_venv/project/main.py", line 190, in _handle
    assessmentUI.set_fore()
  File "D:\04_code\github\python\read_html_venv\project\toprice\assessment_UI.py", line 36, in set_fore
    win32gui.SetForegroundWindow(self.hwnd)
pywintypes.error: (1400, 'SetForegroundWindow', '无效的窗口句柄。')

[ERROR 2020-05-02 22:17:00]Traceback (most recent call last):
  File "D:\04_code\github\python\read_html_venv\project\plugs\decorator.py", line 27, in wrapper
    _ret = func(*args, **kwargs)
  File "D:/04_code/github/python/read_html_venv/project/main.py", line 181, in _start_btn_back
    self._handle()
  File "D:/04_code/github/python/read_html_venv/project/main.py", line 190, in _handle
    assessmentUI.set_fore()
  File "D:\04_code\github\python\read_html_venv\project\toprice\assessment_UI.py", line 36, in set_fore
    win32gui.SetForegroundWindow(self.hwnd)
pywintypes.error: (1400, 'SetForegroundWindow', '无效的窗口句柄。')

[ERROR 2020-05-02 22:33:13]程序奔溃啦！ 快点联系开发者！
[ERROR 2020-05-02 22:33:13]程序奔溃啦！ 快点联系开发者！
