[INFO 2020-05-02 16:55:34]------------------启动项目-----------------------------
[INFO 2020-05-02 16:55:34]平台信息：   【Windows-10-10.0.18362-SP0】
[INFO 2020-05-02 16:55:34]当前路径：   【D:\04_code\github\python\read_html_venv\project】
[INFO 2020-05-02 16:55:34]系统变量：   【['D:\\04_code\\github\\python\\read_html_venv\\project', 'D:\\04_code\\github\\python\\read_html_venv', 'C:\\Users\\snow\\AppData\\Local\\pypoetry\\Cache\\virtualenvs\\read-html-venv--Gq2blu2-py3.6\\Scripts\\python36.zip', 'C:\\Users\\snow\\AppData\\Local\\Programs\\Python\\Python36\\DLLs', 'C:\\Users\\snow\\AppData\\Local\\Programs\\Python\\Python36\\lib', 'C:\\Users\\snow\\AppData\\Local\\Programs\\Python\\Python36', 'C:\\Users\\snow\\AppData\\Local\\pypoetry\\Cache\\virtualenvs\\read-html-venv--Gq2blu2-py3.6', 'C:\\Users\\snow\\AppData\\Local\\pypoetry\\Cache\\virtualenvs\\read-html-venv--Gq2blu2-py3.6\\lib\\site-packages', 'C:\\Users\\snow\\AppData\\Local\\pypoetry\\Cache\\virtualenvs\\read-html-venv--Gq2blu2-py3.6\\lib\\site-packages\\win32', 'C:\\Users\\snow\\AppData\\Local\\pypoetry\\Cache\\virtualenvs\\read-html-venv--Gq2blu2-py3.6\\lib\\site-packages\\win32\\lib', 'C:\\Users\\snow\\AppData\\Local\\pypoetry\\Cache\\virtualenvs\\read-html-venv--Gq2blu2-py3.6\\lib\\site-packages\\Pythonwin', 'C:\\Program Files\\JetBrains\\PyCharm 2018.1\\helpers\\pycharm_matplotlib_backend']】
[INFO 2020-05-02 16:55:34]日志路径：   【D:\04_code\github\python\read_html_venv\project\data\log】
[INFO 2020-05-02 16:55:34]main路径：   【D:\04_code\github\python\read_html_venv\project】
[INFO 2020-05-02 16:55:34]python路径： 【C:\Users\snow\AppData\Local\pypoetry\Cache\virtualenvs\read-html-venv--Gq2blu2-py3.6\Scripts\python.exe】
[ERROR 2020-05-02 16:55:34]程序奔溃啦！ 快点联系开发者！
[ERROR 2020-05-02 16:55:34]程序奔溃啦！ 快点联系开发者！
[INFO 2020-05-02 16:55:59]------------------启动项目-----------------------------
[INFO 2020-05-02 16:55:59]平台信息：   【Windows-10-10.0.18362-SP0】
[INFO 2020-05-02 16:55:59]当前路径：   【D:\04_code\github\python\read_html_venv\project】
[INFO 2020-05-02 16:55:59]系统变量：   【['D:\\04_code\\github\\python\\read_html_venv\\project', 'D:\\04_code\\github\\python\\read_html_venv', 'C:\\Users\\snow\\AppData\\Local\\pypoetry\\Cache\\virtualenvs\\read-html-venv--Gq2blu2-py3.6\\Scripts\\python36.zip', 'C:\\Users\\snow\\AppData\\Local\\Programs\\Python\\Python36\\DLLs', 'C:\\Users\\snow\\AppData\\Local\\Programs\\Python\\Python36\\lib', 'C:\\Users\\snow\\AppData\\Local\\Programs\\Python\\Python36', 'C:\\Users\\snow\\AppData\\Local\\pypoetry\\Cache\\virtualenvs\\read-html-venv--Gq2blu2-py3.6', 'C:\\Users\\snow\\AppData\\Local\\pypoetry\\Cache\\virtualenvs\\read-html-venv--Gq2blu2-py3.6\\lib\\site-packages', 'C:\\Users\\snow\\AppData\\Local\\pypoetry\\Cache\\virtualenvs\\read-html-venv--Gq2blu2-py3.6\\lib\\site-packages\\win32', 'C:\\Users\\snow\\AppData\\Local\\pypoetry\\Cache\\virtualenvs\\read-html-venv--Gq2blu2-py3.6\\lib\\site-packages\\win32\\lib', 'C:\\Users\\snow\\AppData\\Local\\pypoetry\\Cache\\virtualenvs\\read-html-venv--Gq2blu2-py3.6\\lib\\site-packages\\Pythonwin', 'C:\\Program Files\\JetBrains\\PyCharm 2018.1\\helpers\\pycharm_matplotlib_backend']】
[INFO 2020-05-02 16:55:59]日志路径：   【D:\04_code\github\python\read_html_venv\project\data\log】
[INFO 2020-05-02 16:55:59]main路径：   【D:\04_code\github\python\read_html_venv\project】
[INFO 2020-05-02 16:55:59]python路径： 【C:\Users\snow\AppData\Local\pypoetry\Cache\virtualenvs\read-html-venv--Gq2blu2-py3.6\Scripts\python.exe】
[INFO 2020-05-02 16:57:13]------------------启动项目-----------------------------
[INFO 2020-05-02 16:57:13]平台信息：   【Windows-10-10.0.18362-SP0】
[INFO 2020-05-02 16:57:13]当前路径：   【D:\04_code\github\python\read_html_venv\project】
[INFO 2020-05-02 16:57:13]系统变量：   【['D:\\04_code\\github\\python\\read_html_venv\\project', 'D:\\04_code\\github\\python\\read_html_venv', 'C:\\Users\\snow\\AppData\\Local\\pypoetry\\Cache\\virtualenvs\\read-html-venv--Gq2blu2-py3.6\\Scripts\\python36.zip', 'C:\\Users\\snow\\AppData\\Local\\Programs\\Python\\Python36\\DLLs', 'C:\\Users\\snow\\AppData\\Local\\Programs\\Python\\Python36\\lib', 'C:\\Users\\snow\\AppData\\Local\\Programs\\Python\\Python36', 'C:\\Users\\snow\\AppData\\Local\\pypoetry\\Cache\\virtualenvs\\read-html-venv--Gq2blu2-py3.6', 'C:\\Users\\snow\\AppData\\Local\\pypoetry\\Cache\\virtualenvs\\read-html-venv--Gq2blu2-py3.6\\lib\\site-packages', 'C:\\Users\\snow\\AppData\\Local\\pypoetry\\Cache\\virtualenvs\\read-html-venv--Gq2blu2-py3.6\\lib\\site-packages\\win32', 'C:\\Users\\snow\\AppData\\Local\\pypoetry\\Cache\\virtualenvs\\read-html-venv--Gq2blu2-py3.6\\lib\\site-packages\\win32\\lib', 'C:\\Users\\snow\\AppData\\Local\\pypoetry\\Cache\\virtualenvs\\read-html-venv--Gq2blu2-py3.6\\lib\\site-packages\\Pythonwin', 'C:\\Program Files\\JetBrains\\PyCharm 2018.1\\helpers\\pycharm_matplotlib_backend']】
[INFO 2020-05-02 16:57:13]日志路径：   【D:\04_code\github\python\read_html_venv\project\data\log】
[INFO 2020-05-02 16:57:13]main路径：   【D:\04_code\github\python\read_html_venv\project】
[INFO 2020-05-02 16:57:13]python路径： 【C:\Users\snow\AppData\Local\pypoetry\Cache\virtualenvs\read-html-venv--Gq2blu2-py3.6\Scripts\python.exe】
[INFO 2020-05-02 16:58:33]------------------启动项目-----------------------------
[INFO 2020-05-02 16:58:33]平台信息：   【Windows-10-10.0.18362-SP0】
[INFO 2020-05-02 16:58:33]当前路径：   【D:\04_code\github\python\read_html_venv\project】
[INFO 2020-05-02 16:58:33]系统变量：   【['D:\\04_code\\github\\python\\read_html_venv\\project', 'D:\\04_code\\github\\python\\read_html_venv', 'C:\\Users\\snow\\AppData\\Local\\pypoetry\\Cache\\virtualenvs\\read-html-venv--Gq2blu2-py3.6\\Scripts\\python36.zip', 'C:\\Users\\snow\\AppData\\Local\\Programs\\Python\\Python36\\DLLs', 'C:\\Users\\snow\\AppData\\Local\\Programs\\Python\\Python36\\lib', 'C:\\Users\\snow\\AppData\\Local\\Programs\\Python\\Python36', 'C:\\Users\\snow\\AppData\\Local\\pypoetry\\Cache\\virtualenvs\\read-html-venv--Gq2blu2-py3.6', 'C:\\Users\\snow\\AppData\\Local\\pypoetry\\Cache\\virtualenvs\\read-html-venv--Gq2blu2-py3.6\\lib\\site-packages', 'C:\\Users\\snow\\AppData\\Local\\pypoetry\\Cache\\virtualenvs\\read-html-venv--Gq2blu2-py3.6\\lib\\site-packages\\win32', 'C:\\Users\\snow\\AppData\\Local\\pypoetry\\Cache\\virtualenvs\\read-html-venv--Gq2blu2-py3.6\\lib\\site-packages\\win32\\lib', 'C:\\Users\\snow\\AppData\\Local\\pypoetry\\Cache\\virtualenvs\\read-html-venv--Gq2blu2-py3.6\\lib\\site-packages\\Pythonwin', 'C:\\Program Files\\JetBrains\\PyCharm 2018.1\\helpers\\pycharm_matplotlib_backend']】
[INFO 2020-05-02 16:58:33]日志路径：   【D:\04_code\github\python\read_html_venv\project\data\log】
[INFO 2020-05-02 16:58:33]main路径：   【D:\04_code\github\python\read_html_venv\project】
[INFO 2020-05-02 16:58:33]python路径： 【C:\Users\snow\AppData\Local\pypoetry\Cache\virtualenvs\read-html-venv--Gq2blu2-py3.6\Scripts\python.exe】
[INFO 2020-05-02 16:59:04]------------------启动项目-----------------------------
[INFO 2020-05-02 16:59:05]平台信息：   【Windows-10-10.0.18362-SP0】
[INFO 2020-05-02 16:59:05]当前路径：   【D:\04_code\github\python\read_html_venv\project】
[INFO 2020-05-02 16:59:05]系统变量：   【['D:\\04_code\\github\\python\\read_html_venv\\project', 'D:\\04_code\\github\\python\\read_html_venv', 'C:\\Users\\snow\\AppData\\Local\\pypoetry\\Cache\\virtualenvs\\read-html-venv--Gq2blu2-py3.6\\Scripts\\python36.zip', 'C:\\Users\\snow\\AppData\\Local\\Programs\\Python\\Python36\\DLLs', 'C:\\Users\\snow\\AppData\\Local\\Programs\\Python\\Python36\\lib', 'C:\\Users\\snow\\AppData\\Local\\Programs\\Python\\Python36', 'C:\\Users\\snow\\AppData\\Local\\pypoetry\\Cache\\virtualenvs\\read-html-venv--Gq2blu2-py3.6', 'C:\\Users\\snow\\AppData\\Local\\pypoetry\\Cache\\virtualenvs\\read-html-venv--Gq2blu2-py3.6\\lib\\site-packages', 'C:\\Users\\snow\\AppData\\Local\\pypoetry\\Cache\\virtualenvs\\read-html-venv--Gq2blu2-py3.6\\lib\\site-packages\\win32', 'C:\\Users\\snow\\AppData\\Local\\pypoetry\\Cache\\virtualenvs\\read-html-venv--Gq2blu2-py3.6\\lib\\site-packages\\win32\\lib', 'C:\\Users\\snow\\AppData\\Local\\pypoetry\\Cache\\virtualenvs\\read-html-venv--Gq2blu2-py3.6\\lib\\site-packages\\Pythonwin', 'C:\\Program Files\\JetBrains\\PyCharm 2018.1\\helpers\\pycharm_matplotlib_backend']】
[INFO 2020-05-02 16:59:05]日志路径：   【D:\04_code\github\python\read_html_venv\project\data\log】
[INFO 2020-05-02 16:59:05]main路径：   【D:\04_code\github\python\read_html_venv\project】
[INFO 2020-05-02 16:59:05]python路径： 【C:\Users\snow\AppData\Local\pypoetry\Cache\virtualenvs\read-html-venv--Gq2blu2-py3.6\Scripts\python.exe】
[INFO 2020-05-02 17:04:41]------------------启动项目-----------------------------
[INFO 2020-05-02 17:04:41]平台信息：   【Windows-10-10.0.18362-SP0】
[INFO 2020-05-02 17:04:41]当前路径：   【D:\04_code\github\python\read_html_venv\project】
[INFO 2020-05-02 17:04:41]系统变量：   【['D:\\04_code\\github\\python\\read_html_venv\\project', 'D:\\04_code\\github\\python\\read_html_venv', 'C:\\Users\\snow\\AppData\\Local\\pypoetry\\Cache\\virtualenvs\\read-html-venv--Gq2blu2-py3.6\\Scripts\\python36.zip', 'C:\\Users\\snow\\AppData\\Local\\Programs\\Python\\Python36\\DLLs', 'C:\\Users\\snow\\AppData\\Local\\Programs\\Python\\Python36\\lib', 'C:\\Users\\snow\\AppData\\Local\\Programs\\Python\\Python36', 'C:\\Users\\snow\\AppData\\Local\\pypoetry\\Cache\\virtualenvs\\read-html-venv--Gq2blu2-py3.6', 'C:\\Users\\snow\\AppData\\Local\\pypoetry\\Cache\\virtualenvs\\read-html-venv--Gq2blu2-py3.6\\lib\\site-packages', 'C:\\Users\\snow\\AppData\\Local\\pypoetry\\Cache\\virtualenvs\\read-html-venv--Gq2blu2-py3.6\\lib\\site-packages\\win32', 'C:\\Users\\snow\\AppData\\Local\\pypoetry\\Cache\\virtualenvs\\read-html-venv--Gq2blu2-py3.6\\lib\\site-packages\\win32\\lib', 'C:\\Users\\snow\\AppData\\Local\\pypoetry\\Cache\\virtualenvs\\read-html-venv--Gq2blu2-py3.6\\lib\\site-packages\\Pythonwin', 'C:\\Program Files\\JetBrains\\PyCharm 2018.1\\helpers\\pycharm_matplotlib_backend']】
[INFO 2020-05-02 17:04:41]日志路径：   【D:\04_code\github\python\read_html_venv\project\data\log】
[INFO 2020-05-02 17:04:41]main路径：   【D:\04_code\github\python\read_html_venv\project】
[INFO 2020-05-02 17:04:41]python路径： 【C:\Users\snow\AppData\Local\pypoetry\Cache\virtualenvs\read-html-venv--Gq2blu2-py3.6\Scripts\python.exe】
[INFO 2020-05-02 17:05:00]------------------启动项目-----------------------------
[INFO 2020-05-02 17:05:00]平台信息：   【Windows-10-10.0.18362-SP0】
[INFO 2020-05-02 17:05:00]当前路径：   【D:\04_code\github\python\read_html_venv\project】
[INFO 2020-05-02 17:05:00]系统变量：   【['D:\\04_code\\github\\python\\read_html_venv\\project', 'D:\\04_code\\github\\python\\read_html_venv', 'C:\\Users\\snow\\AppData\\Local\\pypoetry\\Cache\\virtualenvs\\read-html-venv--Gq2blu2-py3.6\\Scripts\\python36.zip', 'C:\\Users\\snow\\AppData\\Local\\Programs\\Python\\Python36\\DLLs', 'C:\\Users\\snow\\AppData\\Local\\Programs\\Python\\Python36\\lib', 'C:\\Users\\snow\\AppData\\Local\\Programs\\Python\\Python36', 'C:\\Users\\snow\\AppData\\Local\\pypoetry\\Cache\\virtualenvs\\read-html-venv--Gq2blu2-py3.6', 'C:\\Users\\snow\\AppData\\Local\\pypoetry\\Cache\\virtualenvs\\read-html-venv--Gq2blu2-py3.6\\lib\\site-packages', 'C:\\Users\\snow\\AppData\\Local\\pypoetry\\Cache\\virtualenvs\\read-html-venv--Gq2blu2-py3.6\\lib\\site-packages\\win32', 'C:\\Users\\snow\\AppData\\Local\\pypoetry\\Cache\\virtualenvs\\read-html-venv--Gq2blu2-py3.6\\lib\\site-packages\\win32\\lib', 'C:\\Users\\snow\\AppData\\Local\\pypoetry\\Cache\\virtualenvs\\read-html-venv--Gq2blu2-py3.6\\lib\\site-packages\\Pythonwin', 'C:\\Program Files\\JetBrains\\PyCharm 2018.1\\helpers\\pycharm_matplotlib_backend']】
[INFO 2020-05-02 17:05:00]日志路径：   【D:\04_code\github\python\read_html_venv\project\data\log】
[INFO 2020-05-02 17:05:00]main路径：   【D:\04_code\github\python\read_html_venv\project】
[INFO 2020-05-02 17:05:00]python路径： 【C:\Users\snow\AppData\Local\pypoetry\Cache\virtualenvs\read-html-venv--Gq2blu2-py3.6\Scripts\python.exe】
[INFO 2020-05-02 17:07:04]------------------启动项目-----------------------------
[INFO 2020-05-02 17:07:04]平台信息：   【Windows-10-10.0.18362-SP0】
[INFO 2020-05-02 17:07:04]当前路径：   【D:\04_code\github\python\read_html_venv\project】
[INFO 2020-05-02 17:07:04]系统变量：   【['D:\\04_code\\github\\python\\read_html_venv\\project', 'D:\\04_code\\github\\python\\read_html_venv', 'C:\\Users\\snow\\AppData\\Local\\pypoetry\\Cache\\virtualenvs\\read-html-venv--Gq2blu2-py3.6\\Scripts\\python36.zip', 'C:\\Users\\snow\\AppData\\Local\\Programs\\Python\\Python36\\DLLs', 'C:\\Users\\snow\\AppData\\Local\\Programs\\Python\\Python36\\lib', 'C:\\Users\\snow\\AppData\\Local\\Programs\\Python\\Python36', 'C:\\Users\\snow\\AppData\\Local\\pypoetry\\Cache\\virtualenvs\\read-html-venv--Gq2blu2-py3.6', 'C:\\Users\\snow\\AppData\\Local\\pypoetry\\Cache\\virtualenvs\\read-html-venv--Gq2blu2-py3.6\\lib\\site-packages', 'C:\\Users\\snow\\AppData\\Local\\pypoetry\\Cache\\virtualenvs\\read-html-venv--Gq2blu2-py3.6\\lib\\site-packages\\win32', 'C:\\Users\\snow\\AppData\\Local\\pypoetry\\Cache\\virtualenvs\\read-html-venv--Gq2blu2-py3.6\\lib\\site-packages\\win32\\lib', 'C:\\Users\\snow\\AppData\\Local\\pypoetry\\Cache\\virtualenvs\\read-html-venv--Gq2blu2-py3.6\\lib\\site-packages\\Pythonwin', 'C:\\Program Files\\JetBrains\\PyCharm 2018.1\\helpers\\pycharm_matplotlib_backend']】
[INFO 2020-05-02 17:07:04]日志路径：   【D:\04_code\github\python\read_html_venv\project\data\log】
[INFO 2020-05-02 17:07:04]main路径：   【D:\04_code\github\python\read_html_venv\project】
[INFO 2020-05-02 17:07:04]python路径： 【C:\Users\snow\AppData\Local\pypoetry\Cache\virtualenvs\read-html-venv--Gq2blu2-py3.6\Scripts\python.exe】
[INFO 2020-05-02 17:07:15]------------------启动项目-----------------------------
[INFO 2020-05-02 17:07:15]平台信息：   【Windows-10-10.0.18362-SP0】
[INFO 2020-05-02 17:07:15]当前路径：   【D:\04_code\github\python\read_html_venv\project】
[INFO 2020-05-02 17:07:15]系统变量：   【['D:\\04_code\\github\\python\\read_html_venv\\project', 'D:\\04_code\\github\\python\\read_html_venv', 'C:\\Users\\snow\\AppData\\Local\\pypoetry\\Cache\\virtualenvs\\read-html-venv--Gq2blu2-py3.6\\Scripts\\python36.zip', 'C:\\Users\\snow\\AppData\\Local\\Programs\\Python\\Python36\\DLLs', 'C:\\Users\\snow\\AppData\\Local\\Programs\\Python\\Python36\\lib', 'C:\\Users\\snow\\AppData\\Local\\Programs\\Python\\Python36', 'C:\\Users\\snow\\AppData\\Local\\pypoetry\\Cache\\virtualenvs\\read-html-venv--Gq2blu2-py3.6', 'C:\\Users\\snow\\AppData\\Local\\pypoetry\\Cache\\virtualenvs\\read-html-venv--Gq2blu2-py3.6\\lib\\site-packages', 'C:\\Users\\snow\\AppData\\Local\\pypoetry\\Cache\\virtualenvs\\read-html-venv--Gq2blu2-py3.6\\lib\\site-packages\\win32', 'C:\\Users\\snow\\AppData\\Local\\pypoetry\\Cache\\virtualenvs\\read-html-venv--Gq2blu2-py3.6\\lib\\site-packages\\win32\\lib', 'C:\\Users\\snow\\AppData\\Local\\pypoetry\\Cache\\virtualenvs\\read-html-venv--Gq2blu2-py3.6\\lib\\site-packages\\Pythonwin', 'C:\\Program Files\\JetBrains\\PyCharm 2018.1\\helpers\\pycharm_matplotlib_backend']】
[INFO 2020-05-02 17:07:15]日志路径：   【D:\04_code\github\python\read_html_venv\project\data\log】
[INFO 2020-05-02 17:07:15]main路径：   【D:\04_code\github\python\read_html_venv\project】
[INFO 2020-05-02 17:07:15]python路径： 【C:\Users\snow\AppData\Local\pypoetry\Cache\virtualenvs\read-html-venv--Gq2blu2-py3.6\Scripts\python.exe】
[INFO 2020-05-02 17:12:29]------------------启动项目-----------------------------
[INFO 2020-05-02 17:12:29]平台信息：   【Windows-10-10.0.18362-SP0】
[INFO 2020-05-02 17:12:29]当前路径：   【D:\04_code\github\python\read_html_venv\project】
[INFO 2020-05-02 17:12:29]系统变量：   【['D:\\04_code\\github\\python\\read_html_venv\\project', 'D:\\04_code\\github\\python\\read_html_venv', 'C:\\Users\\snow\\AppData\\Local\\pypoetry\\Cache\\virtualenvs\\read-html-venv--Gq2blu2-py3.6\\Scripts\\python36.zip', 'C:\\Users\\snow\\AppData\\Local\\Programs\\Python\\Python36\\DLLs', 'C:\\Users\\snow\\AppData\\Local\\Programs\\Python\\Python36\\lib', 'C:\\Users\\snow\\AppData\\Local\\Programs\\Python\\Python36', 'C:\\Users\\snow\\AppData\\Local\\pypoetry\\Cache\\virtualenvs\\read-html-venv--Gq2blu2-py3.6', 'C:\\Users\\snow\\AppData\\Local\\pypoetry\\Cache\\virtualenvs\\read-html-venv--Gq2blu2-py3.6\\lib\\site-packages', 'C:\\Users\\snow\\AppData\\Local\\pypoetry\\Cache\\virtualenvs\\read-html-venv--Gq2blu2-py3.6\\lib\\site-packages\\win32', 'C:\\Users\\snow\\AppData\\Local\\pypoetry\\Cache\\virtualenvs\\read-html-venv--Gq2blu2-py3.6\\lib\\site-packages\\win32\\lib', 'C:\\Users\\snow\\AppData\\Local\\pypoetry\\Cache\\virtualenvs\\read-html-venv--Gq2blu2-py3.6\\lib\\site-packages\\Pythonwin', 'C:\\Program Files\\JetBrains\\PyCharm 2018.1\\helpers\\pycharm_matplotlib_backend']】
[INFO 2020-05-02 17:12:29]日志路径：   【D:\04_code\github\python\read_html_venv\project\data\log】
[INFO 2020-05-02 17:12:29]main路径：   【D:\04_code\github\python\read_html_venv\project】
[INFO 2020-05-02 17:12:29]python路径： 【C:\Users\snow\AppData\Local\pypoetry\Cache\virtualenvs\read-html-venv--Gq2blu2-py3.6\Scripts\python.exe】
[INFO 2020-05-02 17:15:27]------------------启动项目-----------------------------
[INFO 2020-05-02 17:15:27]平台信息：   【Windows-10-10.0.18362-SP0】
[INFO 2020-05-02 17:15:27]当前路径：   【D:\04_code\github\python\read_html_venv\project】
[INFO 2020-05-02 17:15:27]系统变量：   【['D:\\04_code\\github\\python\\read_html_venv\\project', 'D:\\04_code\\github\\python\\read_html_venv', 'C:\\Users\\snow\\AppData\\Local\\pypoetry\\Cache\\virtualenvs\\read-html-venv--Gq2blu2-py3.6\\Scripts\\python36.zip', 'C:\\Users\\snow\\AppData\\Local\\Programs\\Python\\Python36\\DLLs', 'C:\\Users\\snow\\AppData\\Local\\Programs\\Python\\Python36\\lib', 'C:\\Users\\snow\\AppData\\Local\\Programs\\Python\\Python36', 'C:\\Users\\snow\\AppData\\Local\\pypoetry\\Cache\\virtualenvs\\read-html-venv--Gq2blu2-py3.6', 'C:\\Users\\snow\\AppData\\Local\\pypoetry\\Cache\\virtualenvs\\read-html-venv--Gq2blu2-py3.6\\lib\\site-packages', 'C:\\Users\\snow\\AppData\\Local\\pypoetry\\Cache\\virtualenvs\\read-html-venv--Gq2blu2-py3.6\\lib\\site-packages\\win32', 'C:\\Users\\snow\\AppData\\Local\\pypoetry\\Cache\\virtualenvs\\read-html-venv--Gq2blu2-py3.6\\lib\\site-packages\\win32\\lib', 'C:\\Users\\snow\\AppData\\Local\\pypoetry\\Cache\\virtualenvs\\read-html-venv--Gq2blu2-py3.6\\lib\\site-packages\\Pythonwin', 'C:\\Program Files\\JetBrains\\PyCharm 2018.1\\helpers\\pycharm_matplotlib_backend']】
[INFO 2020-05-02 17:15:27]日志路径：   【D:\04_code\github\python\read_html_venv\project\data\log】
[INFO 2020-05-02 17:15:27]main路径：   【D:\04_code\github\python\read_html_venv\project】
[INFO 2020-05-02 17:15:27]python路径： 【C:\Users\snow\AppData\Local\pypoetry\Cache\virtualenvs\read-html-venv--Gq2blu2-py3.6\Scripts\python.exe】
[INFO 2020-05-02 17:16:31]------------------启动项目-----------------------------
[INFO 2020-05-02 17:16:31]平台信息：   【Windows-10-10.0.18362-SP0】
[INFO 2020-05-02 17:16:31]当前路径：   【D:\04_code\github\python\read_html_venv\project】
[INFO 2020-05-02 17:16:31]系统变量：   【['D:\\04_code\\github\\python\\read_html_venv\\project', 'D:\\04_code\\github\\python\\read_html_venv', 'C:\\Users\\snow\\AppData\\Local\\pypoetry\\Cache\\virtualenvs\\read-html-venv--Gq2blu2-py3.6\\Scripts\\python36.zip', 'C:\\Users\\snow\\AppData\\Local\\Programs\\Python\\Python36\\DLLs', 'C:\\Users\\snow\\AppData\\Local\\Programs\\Python\\Python36\\lib', 'C:\\Users\\snow\\AppData\\Local\\Programs\\Python\\Python36', 'C:\\Users\\snow\\AppData\\Local\\pypoetry\\Cache\\virtualenvs\\read-html-venv--Gq2blu2-py3.6', 'C:\\Users\\snow\\AppData\\Local\\pypoetry\\Cache\\virtualenvs\\read-html-venv--Gq2blu2-py3.6\\lib\\site-packages', 'C:\\Users\\snow\\AppData\\Local\\pypoetry\\Cache\\virtualenvs\\read-html-venv--Gq2blu2-py3.6\\lib\\site-packages\\win32', 'C:\\Users\\snow\\AppData\\Local\\pypoetry\\Cache\\virtualenvs\\read-html-venv--Gq2blu2-py3.6\\lib\\site-packages\\win32\\lib', 'C:\\Users\\snow\\AppData\\Local\\pypoetry\\Cache\\virtualenvs\\read-html-venv--Gq2blu2-py3.6\\lib\\site-packages\\Pythonwin', 'C:\\Program Files\\JetBrains\\PyCharm 2018.1\\helpers\\pycharm_matplotlib_backend']】
[INFO 2020-05-02 17:16:31]日志路径：   【D:\04_code\github\python\read_html_venv\project\data\log】
[INFO 2020-05-02 17:16:31]main路径：   【D:\04_code\github\python\read_html_venv\project】
[INFO 2020-05-02 17:16:31]python路径： 【C:\Users\snow\AppData\Local\pypoetry\Cache\virtualenvs\read-html-venv--Gq2blu2-py3.6\Scripts\python.exe】
[INFO 2020-05-02 21:35:44]------------------启动项目-----------------------------
[INFO 2020-05-02 21:35:44]平台信息：   【Windows-10-10.0.18362-SP0】
[INFO 2020-05-02 21:35:44]当前路径：   【D:\04_code\github\python\read_html_venv\project】
[INFO 2020-05-02 21:35:44]系统变量：   【['D:\\04_code\\github\\python\\read_html_venv\\project', 'D:\\04_code\\github\\python\\read_html_venv', 'C:\\Users\\snow\\AppData\\Local\\pypoetry\\Cache\\virtualenvs\\read-html-venv--Gq2blu2-py3.6\\Scripts\\python36.zip', 'C:\\Users\\snow\\AppData\\Local\\Programs\\Python\\Python36\\DLLs', 'C:\\Users\\snow\\AppData\\Local\\Programs\\Python\\Python36\\lib', 'C:\\Users\\snow\\AppData\\Local\\Programs\\Python\\Python36', 'C:\\Users\\snow\\AppData\\Local\\pypoetry\\Cache\\virtualenvs\\read-html-venv--Gq2blu2-py3.6', 'C:\\Users\\snow\\AppData\\Local\\pypoetry\\Cache\\virtualenvs\\read-html-venv--Gq2blu2-py3.6\\lib\\site-packages', 'C:\\Users\\snow\\AppData\\Local\\pypoetry\\Cache\\virtualenvs\\read-html-venv--Gq2blu2-py3.6\\lib\\site-packages\\win32', 'C:\\Users\\snow\\AppData\\Local\\pypoetry\\Cache\\virtualenvs\\read-html-venv--Gq2blu2-py3.6\\lib\\site-packages\\win32\\lib', 'C:\\Users\\snow\\AppData\\Local\\pypoetry\\Cache\\virtualenvs\\read-html-venv--Gq2blu2-py3.6\\lib\\site-packages\\Pythonwin', 'C:\\Program Files\\JetBrains\\PyCharm 2018.1\\helpers\\pycharm_matplotlib_backend']】
[INFO 2020-05-02 21:35:44]日志路径：   【D:\04_code\github\python\read_html_venv\project\data\log】
[INFO 2020-05-02 21:35:44]main路径：   【D:\04_code\github\python\read_html_venv\project】
[INFO 2020-05-02 21:35:44]python路径： 【C:\Users\snow\AppData\Local\pypoetry\Cache\virtualenvs\read-html-venv--Gq2blu2-py3.6\Scripts\python.exe】
[INFO 2020-05-02 21:36:11]------------------启动项目-----------------------------
[INFO 2020-05-02 21:36:11]平台信息：   【Windows-10-10.0.18362-SP0】
[INFO 2020-05-02 21:36:11]当前路径：   【D:\04_code\github\python\read_html_venv\project】
[INFO 2020-05-02 21:36:11]系统变量：   【['D:\\04_code\\github\\python\\read_html_venv\\project', 'D:\\04_code\\github\\python\\read_html_venv', 'C:\\Users\\snow\\AppData\\Local\\pypoetry\\Cache\\virtualenvs\\read-html-venv--Gq2blu2-py3.6\\Scripts\\python36.zip', 'C:\\Users\\snow\\AppData\\Local\\Programs\\Python\\Python36\\DLLs', 'C:\\Users\\snow\\AppData\\Local\\Programs\\Python\\Python36\\lib', 'C:\\Users\\snow\\AppData\\Local\\Programs\\Python\\Python36', 'C:\\Users\\snow\\AppData\\Local\\pypoetry\\Cache\\virtualenvs\\read-html-venv--Gq2blu2-py3.6', 'C:\\Users\\snow\\AppData\\Local\\pypoetry\\Cache\\virtualenvs\\read-html-venv--Gq2blu2-py3.6\\lib\\site-packages', 'C:\\Users\\snow\\AppData\\Local\\pypoetry\\Cache\\virtualenvs\\read-html-venv--Gq2blu2-py3.6\\lib\\site-packages\\win32', 'C:\\Users\\snow\\AppData\\Local\\pypoetry\\Cache\\virtualenvs\\read-html-venv--Gq2blu2-py3.6\\lib\\site-packages\\win32\\lib', 'C:\\Users\\snow\\AppData\\Local\\pypoetry\\Cache\\virtualenvs\\read-html-venv--Gq2blu2-py3.6\\lib\\site-packages\\Pythonwin', 'C:\\Program Files\\JetBrains\\PyCharm 2018.1\\helpers\\pycharm_matplotlib_backend']】
[INFO 2020-05-02 21:36:11]日志路径：   【D:\04_code\github\python\read_html_venv\project\data\log】
[INFO 2020-05-02 21:36:11]main路径：   【D:\04_code\github\python\read_html_venv\project】
[INFO 2020-05-02 21:36:11]python路径： 【C:\Users\snow\AppData\Local\pypoetry\Cache\virtualenvs\read-html-venv--Gq2blu2-py3.6\Scripts\python.exe】
[INFO 2020-05-02 21:36:31]------------------启动项目-----------------------------
[INFO 2020-05-02 21:36:31]平台信息：   【Windows-10-10.0.18362-SP0】
[INFO 2020-05-02 21:36:31]当前路径：   【D:\04_code\github\python\read_html_venv\project】
[INFO 2020-05-02 21:36:31]系统变量：   【['D:\\04_code\\github\\python\\read_html_venv\\project', 'D:\\04_code\\github\\python\\read_html_venv', 'C:\\Users\\snow\\AppData\\Local\\pypoetry\\Cache\\virtualenvs\\read-html-venv--Gq2blu2-py3.6\\Scripts\\python36.zip', 'C:\\Users\\snow\\AppData\\Local\\Programs\\Python\\Python36\\DLLs', 'C:\\Users\\snow\\AppData\\Local\\Programs\\Python\\Python36\\lib', 'C:\\Users\\snow\\AppData\\Local\\Programs\\Python\\Python36', 'C:\\Users\\snow\\AppData\\Local\\pypoetry\\Cache\\virtualenvs\\read-html-venv--Gq2blu2-py3.6', 'C:\\Users\\snow\\AppData\\Local\\pypoetry\\Cache\\virtualenvs\\read-html-venv--Gq2blu2-py3.6\\lib\\site-packages', 'C:\\Users\\snow\\AppData\\Local\\pypoetry\\Cache\\virtualenvs\\read-html-venv--Gq2blu2-py3.6\\lib\\site-packages\\win32', 'C:\\Users\\snow\\AppData\\Local\\pypoetry\\Cache\\virtualenvs\\read-html-venv--Gq2blu2-py3.6\\lib\\site-packages\\win32\\lib', 'C:\\Users\\snow\\AppData\\Local\\pypoetry\\Cache\\virtualenvs\\read-html-venv--Gq2blu2-py3.6\\lib\\site-packages\\Pythonwin', 'C:\\Program Files\\JetBrains\\PyCharm 2018.1\\helpers\\pycharm_matplotlib_backend']】
[INFO 2020-05-02 21:36:31]日志路径：   【D:\04_code\github\python\read_html_venv\project\data\log】
[INFO 2020-05-02 21:36:31]main路径：   【D:\04_code\github\python\read_html_venv\project】
[INFO 2020-05-02 21:36:31]python路径： 【C:\Users\snow\AppData\Local\pypoetry\Cache\virtualenvs\read-html-venv--Gq2blu2-py3.6\Scripts\python.exe】
[INFO 2020-05-02 21:37:23]------------------启动项目-----------------------------
[INFO 2020-05-02 21:37:23]平台信息：   【Windows-10-10.0.18362-SP0】
[INFO 2020-05-02 21:37:23]当前路径：   【D:\04_code\github\python\read_html_venv\project】
[INFO 2020-05-02 21:37:23]系统变量：   【['D:\\04_code\\github\\python\\read_html_venv\\project', 'D:\\04_code\\github\\python\\read_html_venv', 'C:\\Users\\snow\\AppData\\Local\\pypoetry\\Cache\\virtualenvs\\read-html-venv--Gq2blu2-py3.6\\Scripts\\python36.zip', 'C:\\Users\\snow\\AppData\\Local\\Programs\\Python\\Python36\\DLLs', 'C:\\Users\\snow\\AppData\\Local\\Programs\\Python\\Python36\\lib', 'C:\\Users\\snow\\AppData\\Local\\Programs\\Python\\Python36', 'C:\\Users\\snow\\AppData\\Local\\pypoetry\\Cache\\virtualenvs\\read-html-venv--Gq2blu2-py3.6', 'C:\\Users\\snow\\AppData\\Local\\pypoetry\\Cache\\virtualenvs\\read-html-venv--Gq2blu2-py3.6\\lib\\site-packages', 'C:\\Users\\snow\\AppData\\Local\\pypoetry\\Cache\\virtualenvs\\read-html-venv--Gq2blu2-py3.6\\lib\\site-packages\\win32', 'C:\\Users\\snow\\AppData\\Local\\pypoetry\\Cache\\virtualenvs\\read-html-venv--Gq2blu2-py3.6\\lib\\site-packages\\win32\\lib', 'C:\\Users\\snow\\AppData\\Local\\pypoetry\\Cache\\virtualenvs\\read-html-venv--Gq2blu2-py3.6\\lib\\site-packages\\Pythonwin', 'C:\\Program Files\\JetBrains\\PyCharm 2018.1\\helpers\\pycharm_matplotlib_backend']】
[INFO 2020-05-02 21:37:23]日志路径：   【D:\04_code\github\python\read_html_venv\project\data\log】
[INFO 2020-05-02 21:37:23]main路径：   【D:\04_code\github\python\read_html_venv\project】
[INFO 2020-05-02 21:37:23]python路径： 【C:\Users\snow\AppData\Local\pypoetry\Cache\virtualenvs\read-html-venv--Gq2blu2-py3.6\Scripts\python.exe】
[INFO 2020-05-02 21:38:12]------------------启动项目-----------------------------
[INFO 2020-05-02 21:38:12]平台信息：   【Windows-10-10.0.18362-SP0】
[INFO 2020-05-02 21:38:12]当前路径：   【D:\04_code\github\python\read_html_venv\project】
[INFO 2020-05-02 21:38:12]系统变量：   【['D:\\04_code\\github\\python\\read_html_venv\\project', 'D:\\04_code\\github\\python\\read_html_venv', 'C:\\Users\\snow\\AppData\\Local\\pypoetry\\Cache\\virtualenvs\\read-html-venv--Gq2blu2-py3.6\\Scripts\\python36.zip', 'C:\\Users\\snow\\AppData\\Local\\Programs\\Python\\Python36\\DLLs', 'C:\\Users\\snow\\AppData\\Local\\Programs\\Python\\Python36\\lib', 'C:\\Users\\snow\\AppData\\Local\\Programs\\Python\\Python36', 'C:\\Users\\snow\\AppData\\Local\\pypoetry\\Cache\\virtualenvs\\read-html-venv--Gq2blu2-py3.6', 'C:\\Users\\snow\\AppData\\Local\\pypoetry\\Cache\\virtualenvs\\read-html-venv--Gq2blu2-py3.6\\lib\\site-packages', 'C:\\Users\\snow\\AppData\\Local\\pypoetry\\Cache\\virtualenvs\\read-html-venv--Gq2blu2-py3.6\\lib\\site-packages\\win32', 'C:\\Users\\snow\\AppData\\Local\\pypoetry\\Cache\\virtualenvs\\read-html-venv--Gq2blu2-py3.6\\lib\\site-packages\\win32\\lib', 'C:\\Users\\snow\\AppData\\Local\\pypoetry\\Cache\\virtualenvs\\read-html-venv--Gq2blu2-py3.6\\lib\\site-packages\\Pythonwin', 'C:\\Program Files\\JetBrains\\PyCharm 2018.1\\helpers\\pycharm_matplotlib_backend']】
[INFO 2020-05-02 21:38:12]日志路径：   【D:\04_code\github\python\read_html_venv\project\data\log】
[INFO 2020-05-02 21:38:12]main路径：   【D:\04_code\github\python\read_html_venv\project】
[INFO 2020-05-02 21:38:12]python路径： 【C:\Users\snow\AppData\Local\pypoetry\Cache\virtualenvs\read-html-venv--Gq2blu2-py3.6\Scripts\python.exe】
[INFO 2020-05-02 21:39:25]------------------启动项目-----------------------------
[INFO 2020-05-02 21:39:25]平台信息：   【Windows-10-10.0.18362-SP0】
[INFO 2020-05-02 21:39:25]当前路径：   【D:\04_code\github\python\read_html_venv\project】
[INFO 2020-05-02 21:39:25]系统变量：   【['D:\\04_code\\github\\python\\read_html_venv\\project', 'D:\\04_code\\github\\python\\read_html_venv', 'C:\\Users\\snow\\AppData\\Local\\pypoetry\\Cache\\virtualenvs\\read-html-venv--Gq2blu2-py3.6\\Scripts\\python36.zip', 'C:\\Users\\snow\\AppData\\Local\\Programs\\Python\\Python36\\DLLs', 'C:\\Users\\snow\\AppData\\Local\\Programs\\Python\\Python36\\lib', 'C:\\Users\\snow\\AppData\\Local\\Programs\\Python\\Python36', 'C:\\Users\\snow\\AppData\\Local\\pypoetry\\Cache\\virtualenvs\\read-html-venv--Gq2blu2-py3.6', 'C:\\Users\\snow\\AppData\\Local\\pypoetry\\Cache\\virtualenvs\\read-html-venv--Gq2blu2-py3.6\\lib\\site-packages', 'C:\\Users\\snow\\AppData\\Local\\pypoetry\\Cache\\virtualenvs\\read-html-venv--Gq2blu2-py3.6\\lib\\site-packages\\win32', 'C:\\Users\\snow\\AppData\\Local\\pypoetry\\Cache\\virtualenvs\\read-html-venv--Gq2blu2-py3.6\\lib\\site-packages\\win32\\lib', 'C:\\Users\\snow\\AppData\\Local\\pypoetry\\Cache\\virtualenvs\\read-html-venv--Gq2blu2-py3.6\\lib\\site-packages\\Pythonwin', 'C:\\Program Files\\JetBrains\\PyCharm 2018.1\\helpers\\pycharm_matplotlib_backend']】
[INFO 2020-05-02 21:39:25]日志路径：   【D:\04_code\github\python\read_html_venv\project\data\log】
[INFO 2020-05-02 21:39:25]main路径：   【D:\04_code\github\python\read_html_venv\project】
[INFO 2020-05-02 21:39:25]python路径： 【C:\Users\snow\AppData\Local\pypoetry\Cache\virtualenvs\read-html-venv--Gq2blu2-py3.6\Scripts\python.exe】
[INFO 2020-05-02 21:39:44]------------------启动项目-----------------------------
[INFO 2020-05-02 21:39:44]平台信息：   【Windows-10-10.0.18362-SP0】
[INFO 2020-05-02 21:39:44]当前路径：   【D:\04_code\github\python\read_html_venv\project】
[INFO 2020-05-02 21:39:44]系统变量：   【['D:\\04_code\\github\\python\\read_html_venv\\project', 'D:\\04_code\\github\\python\\read_html_venv', 'C:\\Users\\snow\\AppData\\Local\\pypoetry\\Cache\\virtualenvs\\read-html-venv--Gq2blu2-py3.6\\Scripts\\python36.zip', 'C:\\Users\\snow\\AppData\\Local\\Programs\\Python\\Python36\\DLLs', 'C:\\Users\\snow\\AppData\\Local\\Programs\\Python\\Python36\\lib', 'C:\\Users\\snow\\AppData\\Local\\Programs\\Python\\Python36', 'C:\\Users\\snow\\AppData\\Local\\pypoetry\\Cache\\virtualenvs\\read-html-venv--Gq2blu2-py3.6', 'C:\\Users\\snow\\AppData\\Local\\pypoetry\\Cache\\virtualenvs\\read-html-venv--Gq2blu2-py3.6\\lib\\site-packages', 'C:\\Users\\snow\\AppData\\Local\\pypoetry\\Cache\\virtualenvs\\read-html-venv--Gq2blu2-py3.6\\lib\\site-packages\\win32', 'C:\\Users\\snow\\AppData\\Local\\pypoetry\\Cache\\virtualenvs\\read-html-venv--Gq2blu2-py3.6\\lib\\site-packages\\win32\\lib', 'C:\\Users\\snow\\AppData\\Local\\pypoetry\\Cache\\virtualenvs\\read-html-venv--Gq2blu2-py3.6\\lib\\site-packages\\Pythonwin', 'C:\\Program Files\\JetBrains\\PyCharm 2018.1\\helpers\\pycharm_matplotlib_backend']】
[INFO 2020-05-02 21:39:44]日志路径：   【D:\04_code\github\python\read_html_venv\project\data\log】
[INFO 2020-05-02 21:39:44]main路径：   【D:\04_code\github\python\read_html_venv\project】
[INFO 2020-05-02 21:39:44]python路径： 【C:\Users\snow\AppData\Local\pypoetry\Cache\virtualenvs\read-html-venv--Gq2blu2-py3.6\Scripts\python.exe】
[INFO 2020-05-02 21:45:22]------------------启动项目-----------------------------
[INFO 2020-05-02 21:45:23]平台信息：   【Windows-10-10.0.18362-SP0】
[INFO 2020-05-02 21:45:23]当前路径：   【D:\04_code\github\python\read_html_venv\project】
[INFO 2020-05-02 21:45:23]系统变量：   【['D:\\04_code\\github\\python\\read_html_venv\\project', 'D:\\04_code\\github\\python\\read_html_venv', 'C:\\Users\\snow\\AppData\\Local\\pypoetry\\Cache\\virtualenvs\\read-html-venv--Gq2blu2-py3.6\\Scripts\\python36.zip', 'C:\\Users\\snow\\AppData\\Local\\Programs\\Python\\Python36\\DLLs', 'C:\\Users\\snow\\AppData\\Local\\Programs\\Python\\Python36\\lib', 'C:\\Users\\snow\\AppData\\Local\\Programs\\Python\\Python36', 'C:\\Users\\snow\\AppData\\Local\\pypoetry\\Cache\\virtualenvs\\read-html-venv--Gq2blu2-py3.6', 'C:\\Users\\snow\\AppData\\Local\\pypoetry\\Cache\\virtualenvs\\read-html-venv--Gq2blu2-py3.6\\lib\\site-packages', 'C:\\Users\\snow\\AppData\\Local\\pypoetry\\Cache\\virtualenvs\\read-html-venv--Gq2blu2-py3.6\\lib\\site-packages\\win32', 'C:\\Users\\snow\\AppData\\Local\\pypoetry\\Cache\\virtualenvs\\read-html-venv--Gq2blu2-py3.6\\lib\\site-packages\\win32\\lib', 'C:\\Users\\snow\\AppData\\Local\\pypoetry\\Cache\\virtualenvs\\read-html-venv--Gq2blu2-py3.6\\lib\\site-packages\\Pythonwin', 'C:\\Program Files\\JetBrains\\PyCharm 2018.1\\helpers\\pycharm_matplotlib_backend']】
[INFO 2020-05-02 21:45:23]日志路径：   【D:\04_code\github\python\read_html_venv\project\data\log】
[INFO 2020-05-02 21:45:23]main路径：   【D:\04_code\github\python\read_html_venv\project】
[INFO 2020-05-02 21:45:23]python路径： 【C:\Users\snow\AppData\Local\pypoetry\Cache\virtualenvs\read-html-venv--Gq2blu2-py3.6\Scripts\python.exe】
[INFO 2020-05-02 21:45:59]------------------启动项目-----------------------------
[INFO 2020-05-02 21:46:00]平台信息：   【Windows-10-10.0.18362-SP0】
[INFO 2020-05-02 21:46:00]当前路径：   【D:\04_code\github\python\read_html_venv\project】
[INFO 2020-05-02 21:46:00]系统变量：   【['D:\\04_code\\github\\python\\read_html_venv\\project', 'D:\\04_code\\github\\python\\read_html_venv', 'C:\\Users\\snow\\AppData\\Local\\pypoetry\\Cache\\virtualenvs\\read-html-venv--Gq2blu2-py3.6\\Scripts\\python36.zip', 'C:\\Users\\snow\\AppData\\Local\\Programs\\Python\\Python36\\DLLs', 'C:\\Users\\snow\\AppData\\Local\\Programs\\Python\\Python36\\lib', 'C:\\Users\\snow\\AppData\\Local\\Programs\\Python\\Python36', 'C:\\Users\\snow\\AppData\\Local\\pypoetry\\Cache\\virtualenvs\\read-html-venv--Gq2blu2-py3.6', 'C:\\Users\\snow\\AppData\\Local\\pypoetry\\Cache\\virtualenvs\\read-html-venv--Gq2blu2-py3.6\\lib\\site-packages', 'C:\\Users\\snow\\AppData\\Local\\pypoetry\\Cache\\virtualenvs\\read-html-venv--Gq2blu2-py3.6\\lib\\site-packages\\win32', 'C:\\Users\\snow\\AppData\\Local\\pypoetry\\Cache\\virtualenvs\\read-html-venv--Gq2blu2-py3.6\\lib\\site-packages\\win32\\lib', 'C:\\Users\\snow\\AppData\\Local\\pypoetry\\Cache\\virtualenvs\\read-html-venv--Gq2blu2-py3.6\\lib\\site-packages\\Pythonwin', 'C:\\Program Files\\JetBrains\\PyCharm 2018.1\\helpers\\pycharm_matplotlib_backend']】
[INFO 2020-05-02 21:46:00]日志路径：   【D:\04_code\github\python\read_html_venv\project\data\log】
[INFO 2020-05-02 21:46:00]main路径：   【D:\04_code\github\python\read_html_venv\project】
[INFO 2020-05-02 21:46:00]python路径： 【C:\Users\snow\AppData\Local\pypoetry\Cache\virtualenvs\read-html-venv--Gq2blu2-py3.6\Scripts\python.exe】
[INFO 2020-05-02 22:07:46]------------------启动项目-----------------------------
[INFO 2020-05-02 22:07:46]平台信息：   【Windows-10-10.0.18362-SP0】
[INFO 2020-05-02 22:07:46]当前路径：   【D:\04_code\github\python\read_html_venv\project】
[INFO 2020-05-02 22:07:46]系统变量：   【['D:\\04_code\\github\\python\\read_html_venv\\project', 'D:\\04_code\\github\\python\\read_html_venv', 'C:\\Users\\snow\\AppData\\Local\\pypoetry\\Cache\\virtualenvs\\read-html-venv--Gq2blu2-py3.6\\Scripts\\python36.zip', 'C:\\Users\\snow\\AppData\\Local\\Programs\\Python\\Python36\\DLLs', 'C:\\Users\\snow\\AppData\\Local\\Programs\\Python\\Python36\\lib', 'C:\\Users\\snow\\AppData\\Local\\Programs\\Python\\Python36', 'C:\\Users\\snow\\AppData\\Local\\pypoetry\\Cache\\virtualenvs\\read-html-venv--Gq2blu2-py3.6', 'C:\\Users\\snow\\AppData\\Local\\pypoetry\\Cache\\virtualenvs\\read-html-venv--Gq2blu2-py3.6\\lib\\site-packages', 'C:\\Users\\snow\\AppData\\Local\\pypoetry\\Cache\\virtualenvs\\read-html-venv--Gq2blu2-py3.6\\lib\\site-packages\\win32', 'C:\\Users\\snow\\AppData\\Local\\pypoetry\\Cache\\virtualenvs\\read-html-venv--Gq2blu2-py3.6\\lib\\site-packages\\win32\\lib', 'C:\\Users\\snow\\AppData\\Local\\pypoetry\\Cache\\virtualenvs\\read-html-venv--Gq2blu2-py3.6\\lib\\site-packages\\Pythonwin', 'C:\\Program Files\\JetBrains\\PyCharm 2018.1\\helpers\\pycharm_matplotlib_backend']】
[INFO 2020-05-02 22:07:46]日志路径：   【D:\04_code\github\python\read_html_venv\project\data\log】
[INFO 2020-05-02 22:07:46]main路径：   【D:\04_code\github\python\read_html_venv\project】
[INFO 2020-05-02 22:07:46]python路径： 【C:\Users\snow\AppData\Local\pypoetry\Cache\virtualenvs\read-html-venv--Gq2blu2-py3.6\Scripts\python.exe】
[INFO 2020-05-02 22:08:14]------------------启动项目-----------------------------
[INFO 2020-05-02 22:08:14]平台信息：   【Windows-10-10.0.18362-SP0】
[INFO 2020-05-02 22:08:14]当前路径：   【D:\04_code\github\python\read_html_venv\project】
[INFO 2020-05-02 22:08:14]系统变量：   【['D:\\04_code\\github\\python\\read_html_venv\\project', 'D:\\04_code\\github\\python\\read_html_venv', 'C:\\Users\\snow\\AppData\\Local\\pypoetry\\Cache\\virtualenvs\\read-html-venv--Gq2blu2-py3.6\\Scripts\\python36.zip', 'C:\\Users\\snow\\AppData\\Local\\Programs\\Python\\Python36\\DLLs', 'C:\\Users\\snow\\AppData\\Local\\Programs\\Python\\Python36\\lib', 'C:\\Users\\snow\\AppData\\Local\\Programs\\Python\\Python36', 'C:\\Users\\snow\\AppData\\Local\\pypoetry\\Cache\\virtualenvs\\read-html-venv--Gq2blu2-py3.6', 'C:\\Users\\snow\\AppData\\Local\\pypoetry\\Cache\\virtualenvs\\read-html-venv--Gq2blu2-py3.6\\lib\\site-packages', 'C:\\Users\\snow\\AppData\\Local\\pypoetry\\Cache\\virtualenvs\\read-html-venv--Gq2blu2-py3.6\\lib\\site-packages\\win32', 'C:\\Users\\snow\\AppData\\Local\\pypoetry\\Cache\\virtualenvs\\read-html-venv--Gq2blu2-py3.6\\lib\\site-packages\\win32\\lib', 'C:\\Users\\snow\\AppData\\Local\\pypoetry\\Cache\\virtualenvs\\read-html-venv--Gq2blu2-py3.6\\lib\\site-packages\\Pythonwin', 'C:\\Program Files\\JetBrains\\PyCharm 2018.1\\helpers\\pycharm_matplotlib_backend']】
[INFO 2020-05-02 22:08:14]日志路径：   【D:\04_code\github\python\read_html_venv\project\data\log】
[INFO 2020-05-02 22:08:14]main路径：   【D:\04_code\github\python\read_html_venv\project】
[INFO 2020-05-02 22:08:14]python路径： 【C:\Users\snow\AppData\Local\pypoetry\Cache\virtualenvs\read-html-venv--Gq2blu2-py3.6\Scripts\python.exe】
[INFO 2020-05-02 22:08:24]------------------启动项目-----------------------------
[INFO 2020-05-02 22:08:24]平台信息：   【Windows-10-10.0.18362-SP0】
[INFO 2020-05-02 22:08:24]当前路径：   【D:\04_code\github\python\read_html_venv\project】
[INFO 2020-05-02 22:08:24]系统变量：   【['D:\\04_code\\github\\python\\read_html_venv\\project', 'D:\\04_code\\github\\python\\read_html_venv', 'C:\\Users\\snow\\AppData\\Local\\pypoetry\\Cache\\virtualenvs\\read-html-venv--Gq2blu2-py3.6\\Scripts\\python36.zip', 'C:\\Users\\snow\\AppData\\Local\\Programs\\Python\\Python36\\DLLs', 'C:\\Users\\snow\\AppData\\Local\\Programs\\Python\\Python36\\lib', 'C:\\Users\\snow\\AppData\\Local\\Programs\\Python\\Python36', 'C:\\Users\\snow\\AppData\\Local\\pypoetry\\Cache\\virtualenvs\\read-html-venv--Gq2blu2-py3.6', 'C:\\Users\\snow\\AppData\\Local\\pypoetry\\Cache\\virtualenvs\\read-html-venv--Gq2blu2-py3.6\\lib\\site-packages', 'C:\\Users\\snow\\AppData\\Local\\pypoetry\\Cache\\virtualenvs\\read-html-venv--Gq2blu2-py3.6\\lib\\site-packages\\win32', 'C:\\Users\\snow\\AppData\\Local\\pypoetry\\Cache\\virtualenvs\\read-html-venv--Gq2blu2-py3.6\\lib\\site-packages\\win32\\lib', 'C:\\Users\\snow\\AppData\\Local\\pypoetry\\Cache\\virtualenvs\\read-html-venv--Gq2blu2-py3.6\\lib\\site-packages\\Pythonwin', 'C:\\Program Files\\JetBrains\\PyCharm 2018.1\\helpers\\pycharm_matplotlib_backend']】
[INFO 2020-05-02 22:08:24]日志路径：   【D:\04_code\github\python\read_html_venv\project\data\log】
[INFO 2020-05-02 22:08:24]main路径：   【D:\04_code\github\python\read_html_venv\project】
[INFO 2020-05-02 22:08:24]python路径： 【C:\Users\snow\AppData\Local\pypoetry\Cache\virtualenvs\read-html-venv--Gq2blu2-py3.6\Scripts\python.exe】
[INFO 2020-05-02 22:08:32]------------------启动项目-----------------------------
[INFO 2020-05-02 22:08:32]平台信息：   【Windows-10-10.0.18362-SP0】
[INFO 2020-05-02 22:08:32]当前路径：   【D:\04_code\github\python\read_html_venv\project】
[INFO 2020-05-02 22:08:32]系统变量：   【['D:\\04_code\\github\\python\\read_html_venv\\project', 'D:\\04_code\\github\\python\\read_html_venv', 'C:\\Users\\snow\\AppData\\Local\\pypoetry\\Cache\\virtualenvs\\read-html-venv--Gq2blu2-py3.6\\Scripts\\python36.zip', 'C:\\Users\\snow\\AppData\\Local\\Programs\\Python\\Python36\\DLLs', 'C:\\Users\\snow\\AppData\\Local\\Programs\\Python\\Python36\\lib', 'C:\\Users\\snow\\AppData\\Local\\Programs\\Python\\Python36', 'C:\\Users\\snow\\AppData\\Local\\pypoetry\\Cache\\virtualenvs\\read-html-venv--Gq2blu2-py3.6', 'C:\\Users\\snow\\AppData\\Local\\pypoetry\\Cache\\virtualenvs\\read-html-venv--Gq2blu2-py3.6\\lib\\site-packages', 'C:\\Users\\snow\\AppData\\Local\\pypoetry\\Cache\\virtualenvs\\read-html-venv--Gq2blu2-py3.6\\lib\\site-packages\\win32', 'C:\\Users\\snow\\AppData\\Local\\pypoetry\\Cache\\virtualenvs\\read-html-venv--Gq2blu2-py3.6\\lib\\site-packages\\win32\\lib', 'C:\\Users\\snow\\AppData\\Local\\pypoetry\\Cache\\virtualenvs\\read-html-venv--Gq2blu2-py3.6\\lib\\site-packages\\Pythonwin', 'C:\\Program Files\\JetBrains\\PyCharm 2018.1\\helpers\\pycharm_matplotlib_backend']】
[INFO 2020-05-02 22:08:32]日志路径：   【D:\04_code\github\python\read_html_venv\project\data\log】
[INFO 2020-05-02 22:08:32]main路径：   【D:\04_code\github\python\read_html_venv\project】
[INFO 2020-05-02 22:08:32]python路径： 【C:\Users\snow\AppData\Local\pypoetry\Cache\virtualenvs\read-html-venv--Gq2blu2-py3.6\Scripts\python.exe】
[INFO 2020-05-02 22:08:41]------------------启动项目-----------------------------
[INFO 2020-05-02 22:08:41]平台信息：   【Windows-10-10.0.18362-SP0】
[INFO 2020-05-02 22:08:41]当前路径：   【D:\04_code\github\python\read_html_venv\project】
[INFO 2020-05-02 22:08:41]系统变量：   【['D:\\04_code\\github\\python\\read_html_venv\\project', 'D:\\04_code\\github\\python\\read_html_venv', 'C:\\Users\\snow\\AppData\\Local\\pypoetry\\Cache\\virtualenvs\\read-html-venv--Gq2blu2-py3.6\\Scripts\\python36.zip', 'C:\\Users\\snow\\AppData\\Local\\Programs\\Python\\Python36\\DLLs', 'C:\\Users\\snow\\AppData\\Local\\Programs\\Python\\Python36\\lib', 'C:\\Users\\snow\\AppData\\Local\\Programs\\Python\\Python36', 'C:\\Users\\snow\\AppData\\Local\\pypoetry\\Cache\\virtualenvs\\read-html-venv--Gq2blu2-py3.6', 'C:\\Users\\snow\\AppData\\Local\\pypoetry\\Cache\\virtualenvs\\read-html-venv--Gq2blu2-py3.6\\lib\\site-packages', 'C:\\Users\\snow\\AppData\\Local\\pypoetry\\Cache\\virtualenvs\\read-html-venv--Gq2blu2-py3.6\\lib\\site-packages\\win32', 'C:\\Users\\snow\\AppData\\Local\\pypoetry\\Cache\\virtualenvs\\read-html-venv--Gq2blu2-py3.6\\lib\\site-packages\\win32\\lib', 'C:\\Users\\snow\\AppData\\Local\\pypoetry\\Cache\\virtualenvs\\read-html-venv--Gq2blu2-py3.6\\lib\\site-packages\\Pythonwin', 'C:\\Program Files\\JetBrains\\PyCharm 2018.1\\helpers\\pycharm_matplotlib_backend']】
[INFO 2020-05-02 22:08:41]日志路径：   【D:\04_code\github\python\read_html_venv\project\data\log】
[INFO 2020-05-02 22:08:41]main路径：   【D:\04_code\github\python\read_html_venv\project】
[INFO 2020-05-02 22:08:41]python路径： 【C:\Users\snow\AppData\Local\pypoetry\Cache\virtualenvs\read-html-venv--Gq2blu2-py3.6\Scripts\python.exe】
[INFO 2020-05-02 22:08:47]------------------启动项目-----------------------------
[INFO 2020-05-02 22:08:47]平台信息：   【Windows-10-10.0.18362-SP0】
[INFO 2020-05-02 22:08:47]当前路径：   【D:\04_code\github\python\read_html_venv\project】
[INFO 2020-05-02 22:08:47]系统变量：   【['D:\\04_code\\github\\python\\read_html_venv\\project', 'D:\\04_code\\github\\python\\read_html_venv', 'C:\\Users\\snow\\AppData\\Local\\pypoetry\\Cache\\virtualenvs\\read-html-venv--Gq2blu2-py3.6\\Scripts\\python36.zip', 'C:\\Users\\snow\\AppData\\Local\\Programs\\Python\\Python36\\DLLs', 'C:\\Users\\snow\\AppData\\Local\\Programs\\Python\\Python36\\lib', 'C:\\Users\\snow\\AppData\\Local\\Programs\\Python\\Python36', 'C:\\Users\\snow\\AppData\\Local\\pypoetry\\Cache\\virtualenvs\\read-html-venv--Gq2blu2-py3.6', 'C:\\Users\\snow\\AppData\\Local\\pypoetry\\Cache\\virtualenvs\\read-html-venv--Gq2blu2-py3.6\\lib\\site-packages', 'C:\\Users\\snow\\AppData\\Local\\pypoetry\\Cache\\virtualenvs\\read-html-venv--Gq2blu2-py3.6\\lib\\site-packages\\win32', 'C:\\Users\\snow\\AppData\\Local\\pypoetry\\Cache\\virtualenvs\\read-html-venv--Gq2blu2-py3.6\\lib\\site-packages\\win32\\lib', 'C:\\Users\\snow\\AppData\\Local\\pypoetry\\Cache\\virtualenvs\\read-html-venv--Gq2blu2-py3.6\\lib\\site-packages\\Pythonwin', 'C:\\Program Files\\JetBrains\\PyCharm 2018.1\\helpers\\pycharm_matplotlib_backend']】
[INFO 2020-05-02 22:08:47]日志路径：   【D:\04_code\github\python\read_html_venv\project\data\log】
[INFO 2020-05-02 22:08:47]main路径：   【D:\04_code\github\python\read_html_venv\project】
[INFO 2020-05-02 22:08:47]python路径： 【C:\Users\snow\AppData\Local\pypoetry\Cache\virtualenvs\read-html-venv--Gq2blu2-py3.6\Scripts\python.exe】
[INFO 2020-05-02 22:08:54]------------------启动项目-----------------------------
[INFO 2020-05-02 22:08:54]平台信息：   【Windows-10-10.0.18362-SP0】
[INFO 2020-05-02 22:08:54]当前路径：   【D:\04_code\github\python\read_html_venv\project】
[INFO 2020-05-02 22:08:54]系统变量：   【['D:\\04_code\\github\\python\\read_html_venv\\project', 'D:\\04_code\\github\\python\\read_html_venv', 'C:\\Users\\snow\\AppData\\Local\\pypoetry\\Cache\\virtualenvs\\read-html-venv--Gq2blu2-py3.6\\Scripts\\python36.zip', 'C:\\Users\\snow\\AppData\\Local\\Programs\\Python\\Python36\\DLLs', 'C:\\Users\\snow\\AppData\\Local\\Programs\\Python\\Python36\\lib', 'C:\\Users\\snow\\AppData\\Local\\Programs\\Python\\Python36', 'C:\\Users\\snow\\AppData\\Local\\pypoetry\\Cache\\virtualenvs\\read-html-venv--Gq2blu2-py3.6', 'C:\\Users\\snow\\AppData\\Local\\pypoetry\\Cache\\virtualenvs\\read-html-venv--Gq2blu2-py3.6\\lib\\site-packages', 'C:\\Users\\snow\\AppData\\Local\\pypoetry\\Cache\\virtualenvs\\read-html-venv--Gq2blu2-py3.6\\lib\\site-packages\\win32', 'C:\\Users\\snow\\AppData\\Local\\pypoetry\\Cache\\virtualenvs\\read-html-venv--Gq2blu2-py3.6\\lib\\site-packages\\win32\\lib', 'C:\\Users\\snow\\AppData\\Local\\pypoetry\\Cache\\virtualenvs\\read-html-venv--Gq2blu2-py3.6\\lib\\site-packages\\Pythonwin', 'C:\\Program Files\\JetBrains\\PyCharm 2018.1\\helpers\\pycharm_matplotlib_backend']】
[INFO 2020-05-02 22:08:54]日志路径：   【D:\04_code\github\python\read_html_venv\project\data\log】
[INFO 2020-05-02 22:08:54]main路径：   【D:\04_code\github\python\read_html_venv\project】
[INFO 2020-05-02 22:08:54]python路径： 【C:\Users\snow\AppData\Local\pypoetry\Cache\virtualenvs\read-html-venv--Gq2blu2-py3.6\Scripts\python.exe】
[INFO 2020-05-02 22:09:14]------------------启动项目-----------------------------
[INFO 2020-05-02 22:09:14]平台信息：   【Windows-10-10.0.18362-SP0】
[INFO 2020-05-02 22:09:14]当前路径：   【D:\04_code\github\python\read_html_venv\project】
[INFO 2020-05-02 22:09:14]系统变量：   【['D:\\04_code\\github\\python\\read_html_venv\\project', 'D:\\04_code\\github\\python\\read_html_venv', 'C:\\Users\\snow\\AppData\\Local\\pypoetry\\Cache\\virtualenvs\\read-html-venv--Gq2blu2-py3.6\\Scripts\\python36.zip', 'C:\\Users\\snow\\AppData\\Local\\Programs\\Python\\Python36\\DLLs', 'C:\\Users\\snow\\AppData\\Local\\Programs\\Python\\Python36\\lib', 'C:\\Users\\snow\\AppData\\Local\\Programs\\Python\\Python36', 'C:\\Users\\snow\\AppData\\Local\\pypoetry\\Cache\\virtualenvs\\read-html-venv--Gq2blu2-py3.6', 'C:\\Users\\snow\\AppData\\Local\\pypoetry\\Cache\\virtualenvs\\read-html-venv--Gq2blu2-py3.6\\lib\\site-packages', 'C:\\Users\\snow\\AppData\\Local\\pypoetry\\Cache\\virtualenvs\\read-html-venv--Gq2blu2-py3.6\\lib\\site-packages\\win32', 'C:\\Users\\snow\\AppData\\Local\\pypoetry\\Cache\\virtualenvs\\read-html-venv--Gq2blu2-py3.6\\lib\\site-packages\\win32\\lib', 'C:\\Users\\snow\\AppData\\Local\\pypoetry\\Cache\\virtualenvs\\read-html-venv--Gq2blu2-py3.6\\lib\\site-packages\\Pythonwin', 'C:\\Program Files\\JetBrains\\PyCharm 2018.1\\helpers\\pycharm_matplotlib_backend']】
[INFO 2020-05-02 22:09:14]日志路径：   【D:\04_code\github\python\read_html_venv\project\data\log】
[INFO 2020-05-02 22:09:14]main路径：   【D:\04_code\github\python\read_html_venv\project】
[INFO 2020-05-02 22:09:14]python路径： 【C:\Users\snow\AppData\Local\pypoetry\Cache\virtualenvs\read-html-venv--Gq2blu2-py3.6\Scripts\python.exe】
[INFO 2020-05-02 22:09:25]------------------启动项目-----------------------------
[INFO 2020-05-02 22:09:25]平台信息：   【Windows-10-10.0.18362-SP0】
[INFO 2020-05-02 22:09:25]当前路径：   【D:\04_code\github\python\read_html_venv\project】
[INFO 2020-05-02 22:09:25]系统变量：   【['D:\\04_code\\github\\python\\read_html_venv\\project', 'D:\\04_code\\github\\python\\read_html_venv', 'C:\\Users\\snow\\AppData\\Local\\pypoetry\\Cache\\virtualenvs\\read-html-venv--Gq2blu2-py3.6\\Scripts\\python36.zip', 'C:\\Users\\snow\\AppData\\Local\\Programs\\Python\\Python36\\DLLs', 'C:\\Users\\snow\\AppData\\Local\\Programs\\Python\\Python36\\lib', 'C:\\Users\\snow\\AppData\\Local\\Programs\\Python\\Python36', 'C:\\Users\\snow\\AppData\\Local\\pypoetry\\Cache\\virtualenvs\\read-html-venv--Gq2blu2-py3.6', 'C:\\Users\\snow\\AppData\\Local\\pypoetry\\Cache\\virtualenvs\\read-html-venv--Gq2blu2-py3.6\\lib\\site-packages', 'C:\\Users\\snow\\AppData\\Local\\pypoetry\\Cache\\virtualenvs\\read-html-venv--Gq2blu2-py3.6\\lib\\site-packages\\win32', 'C:\\Users\\snow\\AppData\\Local\\pypoetry\\Cache\\virtualenvs\\read-html-venv--Gq2blu2-py3.6\\lib\\site-packages\\win32\\lib', 'C:\\Users\\snow\\AppData\\Local\\pypoetry\\Cache\\virtualenvs\\read-html-venv--Gq2blu2-py3.6\\lib\\site-packages\\Pythonwin', 'C:\\Program Files\\JetBrains\\PyCharm 2018.1\\helpers\\pycharm_matplotlib_backend']】
[INFO 2020-05-02 22:09:25]日志路径：   【D:\04_code\github\python\read_html_venv\project\data\log】
[INFO 2020-05-02 22:09:25]main路径：   【D:\04_code\github\python\read_html_venv\project】
[INFO 2020-05-02 22:09:25]python路径： 【C:\Users\snow\AppData\Local\pypoetry\Cache\virtualenvs\read-html-venv--Gq2blu2-py3.6\Scripts\python.exe】
[INFO 2020-05-02 22:11:16]------------------启动项目-----------------------------
[INFO 2020-05-02 22:11:17]平台信息：   【Windows-10-10.0.18362-SP0】
[INFO 2020-05-02 22:11:17]当前路径：   【D:\04_code\github\python\read_html_venv\project】
[INFO 2020-05-02 22:11:17]系统变量：   【['D:\\04_code\\github\\python\\read_html_venv\\project', 'D:\\04_code\\github\\python\\read_html_venv', 'C:\\Users\\snow\\AppData\\Local\\pypoetry\\Cache\\virtualenvs\\read-html-venv--Gq2blu2-py3.6\\Scripts\\python36.zip', 'C:\\Users\\snow\\AppData\\Local\\Programs\\Python\\Python36\\DLLs', 'C:\\Users\\snow\\AppData\\Local\\Programs\\Python\\Python36\\lib', 'C:\\Users\\snow\\AppData\\Local\\Programs\\Python\\Python36', 'C:\\Users\\snow\\AppData\\Local\\pypoetry\\Cache\\virtualenvs\\read-html-venv--Gq2blu2-py3.6', 'C:\\Users\\snow\\AppData\\Local\\pypoetry\\Cache\\virtualenvs\\read-html-venv--Gq2blu2-py3.6\\lib\\site-packages', 'C:\\Users\\snow\\AppData\\Local\\pypoetry\\Cache\\virtualenvs\\read-html-venv--Gq2blu2-py3.6\\lib\\site-packages\\win32', 'C:\\Users\\snow\\AppData\\Local\\pypoetry\\Cache\\virtualenvs\\read-html-venv--Gq2blu2-py3.6\\lib\\site-packages\\win32\\lib', 'C:\\Users\\snow\\AppData\\Local\\pypoetry\\Cache\\virtualenvs\\read-html-venv--Gq2blu2-py3.6\\lib\\site-packages\\Pythonwin', 'C:\\Program Files\\JetBrains\\PyCharm 2018.1\\helpers\\pycharm_matplotlib_backend']】
[INFO 2020-05-02 22:11:17]日志路径：   【D:\04_code\github\python\read_html_venv\project\data\log】
[INFO 2020-05-02 22:11:17]main路径：   【D:\04_code\github\python\read_html_venv\project】
[INFO 2020-05-02 22:11:17]python路径： 【C:\Users\snow\AppData\Local\pypoetry\Cache\virtualenvs\read-html-venv--Gq2blu2-py3.6\Scripts\python.exe】
[INFO 2020-05-02 22:13:13]------------------启动项目-----------------------------
[INFO 2020-05-02 22:13:13]平台信息：   【Windows-10-10.0.18362-SP0】
[INFO 2020-05-02 22:13:13]当前路径：   【D:\04_code\github\python\read_html_venv\project】
[INFO 2020-05-02 22:13:13]系统变量：   【['D:\\04_code\\github\\python\\read_html_venv\\project', 'D:\\04_code\\github\\python\\read_html_venv', 'C:\\Users\\snow\\AppData\\Local\\pypoetry\\Cache\\virtualenvs\\read-html-venv--Gq2blu2-py3.6\\Scripts\\python36.zip', 'C:\\Users\\snow\\AppData\\Local\\Programs\\Python\\Python36\\DLLs', 'C:\\Users\\snow\\AppData\\Local\\Programs\\Python\\Python36\\lib', 'C:\\Users\\snow\\AppData\\Local\\Programs\\Python\\Python36', 'C:\\Users\\snow\\AppData\\Local\\pypoetry\\Cache\\virtualenvs\\read-html-venv--Gq2blu2-py3.6', 'C:\\Users\\snow\\AppData\\Local\\pypoetry\\Cache\\virtualenvs\\read-html-venv--Gq2blu2-py3.6\\lib\\site-packages', 'C:\\Users\\snow\\AppData\\Local\\pypoetry\\Cache\\virtualenvs\\read-html-venv--Gq2blu2-py3.6\\lib\\site-packages\\win32', 'C:\\Users\\snow\\AppData\\Local\\pypoetry\\Cache\\virtualenvs\\read-html-venv--Gq2blu2-py3.6\\lib\\site-packages\\win32\\lib', 'C:\\Users\\snow\\AppData\\Local\\pypoetry\\Cache\\virtualenvs\\read-html-venv--Gq2blu2-py3.6\\lib\\site-packages\\Pythonwin', 'C:\\Program Files\\JetBrains\\PyCharm 2018.1\\helpers\\pycharm_matplotlib_backend']】
[INFO 2020-05-02 22:13:13]日志路径：   【D:\04_code\github\python\read_html_venv\project\data\log】
[INFO 2020-05-02 22:13:13]main路径：   【D:\04_code\github\python\read_html_venv\project】
[INFO 2020-05-02 22:13:13]python路径： 【C:\Users\snow\AppData\Local\pypoetry\Cache\virtualenvs\read-html-venv--Gq2blu2-py3.6\Scripts\python.exe】
[INFO 2020-05-02 22:14:05]------------------启动项目-----------------------------
[INFO 2020-05-02 22:14:05]平台信息：   【Windows-10-10.0.18362-SP0】
[INFO 2020-05-02 22:14:05]当前路径：   【D:\04_code\github\python\read_html_venv\project】
[INFO 2020-05-02 22:14:05]系统变量：   【['D:\\04_code\\github\\python\\read_html_venv\\project', 'D:\\04_code\\github\\python\\read_html_venv', 'C:\\Users\\snow\\AppData\\Local\\pypoetry\\Cache\\virtualenvs\\read-html-venv--Gq2blu2-py3.6\\Scripts\\python36.zip', 'C:\\Users\\snow\\AppData\\Local\\Programs\\Python\\Python36\\DLLs', 'C:\\Users\\snow\\AppData\\Local\\Programs\\Python\\Python36\\lib', 'C:\\Users\\snow\\AppData\\Local\\Programs\\Python\\Python36', 'C:\\Users\\snow\\AppData\\Local\\pypoetry\\Cache\\virtualenvs\\read-html-venv--Gq2blu2-py3.6', 'C:\\Users\\snow\\AppData\\Local\\pypoetry\\Cache\\virtualenvs\\read-html-venv--Gq2blu2-py3.6\\lib\\site-packages', 'C:\\Users\\snow\\AppData\\Local\\pypoetry\\Cache\\virtualenvs\\read-html-venv--Gq2blu2-py3.6\\lib\\site-packages\\win32', 'C:\\Users\\snow\\AppData\\Local\\pypoetry\\Cache\\virtualenvs\\read-html-venv--Gq2blu2-py3.6\\lib\\site-packages\\win32\\lib', 'C:\\Users\\snow\\AppData\\Local\\pypoetry\\Cache\\virtualenvs\\read-html-venv--Gq2blu2-py3.6\\lib\\site-packages\\Pythonwin', 'C:\\Program Files\\JetBrains\\PyCharm 2018.1\\helpers\\pycharm_matplotlib_backend']】
[INFO 2020-05-02 22:14:05]日志路径：   【D:\04_code\github\python\read_html_venv\project\data\log】
[INFO 2020-05-02 22:14:05]main路径：   【D:\04_code\github\python\read_html_venv\project】
[INFO 2020-05-02 22:14:05]python路径： 【C:\Users\snow\AppData\Local\pypoetry\Cache\virtualenvs\read-html-venv--Gq2blu2-py3.6\Scripts\python.exe】
[INFO 2020-05-02 22:14:15]------------------启动项目-----------------------------
[INFO 2020-05-02 22:14:15]平台信息：   【Windows-10-10.0.18362-SP0】
[INFO 2020-05-02 22:14:15]当前路径：   【D:\04_code\github\python\read_html_venv\project】
[INFO 2020-05-02 22:14:15]系统变量：   【['D:\\04_code\\github\\python\\read_html_venv\\project', 'D:\\04_code\\github\\python\\read_html_venv', 'C:\\Users\\snow\\AppData\\Local\\pypoetry\\Cache\\virtualenvs\\read-html-venv--Gq2blu2-py3.6\\Scripts\\python36.zip', 'C:\\Users\\snow\\AppData\\Local\\Programs\\Python\\Python36\\DLLs', 'C:\\Users\\snow\\AppData\\Local\\Programs\\Python\\Python36\\lib', 'C:\\Users\\snow\\AppData\\Local\\Programs\\Python\\Python36', 'C:\\Users\\snow\\AppData\\Local\\pypoetry\\Cache\\virtualenvs\\read-html-venv--Gq2blu2-py3.6', 'C:\\Users\\snow\\AppData\\Local\\pypoetry\\Cache\\virtualenvs\\read-html-venv--Gq2blu2-py3.6\\lib\\site-packages', 'C:\\Users\\snow\\AppData\\Local\\pypoetry\\Cache\\virtualenvs\\read-html-venv--Gq2blu2-py3.6\\lib\\site-packages\\win32', 'C:\\Users\\snow\\AppData\\Local\\pypoetry\\Cache\\virtualenvs\\read-html-venv--Gq2blu2-py3.6\\lib\\site-packages\\win32\\lib', 'C:\\Users\\snow\\AppData\\Local\\pypoetry\\Cache\\virtualenvs\\read-html-venv--Gq2blu2-py3.6\\lib\\site-packages\\Pythonwin', 'C:\\Program Files\\JetBrains\\PyCharm 2018.1\\helpers\\pycharm_matplotlib_backend']】
[INFO 2020-05-02 22:14:15]日志路径：   【D:\04_code\github\python\read_html_venv\project\data\log】
[INFO 2020-05-02 22:14:15]main路径：   【D:\04_code\github\python\read_html_venv\project】
[INFO 2020-05-02 22:14:15]python路径： 【C:\Users\snow\AppData\Local\pypoetry\Cache\virtualenvs\read-html-venv--Gq2blu2-py3.6\Scripts\python.exe】
[INFO 2020-05-02 22:14:20]开始生成报告
[ERROR 2020-05-02 22:14:20]Traceback (most recent call last):
  File "D:\04_code\github\python\read_html_venv\project\plugs\decorator.py", line 27, in wrapper
    _ret = func(*args, **kwargs)
  File "D:/04_code/github/python/read_html_venv/project/main.py", line 180, in _start_btn_back
    self._handle()
  File "D:/04_code/github/python/read_html_venv/project/main.py", line 189, in _handle
    assessmentUI.set_fore()
  File "D:\04_code\github\python\read_html_venv\project\toprice\assessment_UI.py", line 36, in set_fore
    win32gui.SetForegroundWindow(self.hwnd)
pywintypes.error: (1400, 'SetForegroundWindow', '无效的窗口句柄。')

[INFO 2020-05-02 22:14:20]函数异常：【<function MainUI._start_btn_back at 0x00000177CD4A9F28>】, args:【(<__main__.MainUI object at 0x00000177CD46F2B0>,)】， kwargs:【{}】
[INFO 2020-05-02 22:14:56]------------------启动项目-----------------------------
[INFO 2020-05-02 22:14:56]平台信息：   【Windows-10-10.0.18362-SP0】
[INFO 2020-05-02 22:14:56]当前路径：   【D:\04_code\github\python\read_html_venv\project】
[INFO 2020-05-02 22:14:56]系统变量：   【['D:\\04_code\\github\\python\\read_html_venv\\project', 'D:\\04_code\\github\\python\\read_html_venv', 'C:\\Users\\snow\\AppData\\Local\\pypoetry\\Cache\\virtualenvs\\read-html-venv--Gq2blu2-py3.6\\Scripts\\python36.zip', 'C:\\Users\\snow\\AppData\\Local\\Programs\\Python\\Python36\\DLLs', 'C:\\Users\\snow\\AppData\\Local\\Programs\\Python\\Python36\\lib', 'C:\\Users\\snow\\AppData\\Local\\Programs\\Python\\Python36', 'C:\\Users\\snow\\AppData\\Local\\pypoetry\\Cache\\virtualenvs\\read-html-venv--Gq2blu2-py3.6', 'C:\\Users\\snow\\AppData\\Local\\pypoetry\\Cache\\virtualenvs\\read-html-venv--Gq2blu2-py3.6\\lib\\site-packages', 'C:\\Users\\snow\\AppData\\Local\\pypoetry\\Cache\\virtualenvs\\read-html-venv--Gq2blu2-py3.6\\lib\\site-packages\\win32', 'C:\\Users\\snow\\AppData\\Local\\pypoetry\\Cache\\virtualenvs\\read-html-venv--Gq2blu2-py3.6\\lib\\site-packages\\win32\\lib', 'C:\\Users\\snow\\AppData\\Local\\pypoetry\\Cache\\virtualenvs\\read-html-venv--Gq2blu2-py3.6\\lib\\site-packages\\Pythonwin', 'C:\\Program Files\\JetBrains\\PyCharm 2018.1\\helpers\\pycharm_matplotlib_backend']】
[INFO 2020-05-02 22:14:56]日志路径：   【D:\04_code\github\python\read_html_venv\project\data\log】
[INFO 2020-05-02 22:14:56]main路径：   【D:\04_code\github\python\read_html_venv\project】
[INFO 2020-05-02 22:14:56]python路径： 【C:\Users\snow\AppData\Local\pypoetry\Cache\virtualenvs\read-html-venv--Gq2blu2-py3.6\Scripts\python.exe】
[INFO 2020-05-02 22:15:54]------------------启动项目-----------------------------
[INFO 2020-05-02 22:15:54]平台信息：   【Windows-10-10.0.18362-SP0】
[INFO 2020-05-02 22:15:54]当前路径：   【D:\04_code\github\python\read_html_venv\project】
[INFO 2020-05-02 22:15:54]系统变量：   【['D:\\04_code\\github\\python\\read_html_venv\\project', 'D:\\04_code\\github\\python\\read_html_venv', 'C:\\Users\\snow\\AppData\\Local\\pypoetry\\Cache\\virtualenvs\\read-html-venv--Gq2blu2-py3.6\\Scripts\\python36.zip', 'C:\\Users\\snow\\AppData\\Local\\Programs\\Python\\Python36\\DLLs', 'C:\\Users\\snow\\AppData\\Local\\Programs\\Python\\Python36\\lib', 'C:\\Users\\snow\\AppData\\Local\\Programs\\Python\\Python36', 'C:\\Users\\snow\\AppData\\Local\\pypoetry\\Cache\\virtualenvs\\read-html-venv--Gq2blu2-py3.6', 'C:\\Users\\snow\\AppData\\Local\\pypoetry\\Cache\\virtualenvs\\read-html-venv--Gq2blu2-py3.6\\lib\\site-packages', 'C:\\Users\\snow\\AppData\\Local\\pypoetry\\Cache\\virtualenvs\\read-html-venv--Gq2blu2-py3.6\\lib\\site-packages\\win32', 'C:\\Users\\snow\\AppData\\Local\\pypoetry\\Cache\\virtualenvs\\read-html-venv--Gq2blu2-py3.6\\lib\\site-packages\\win32\\lib', 'C:\\Users\\snow\\AppData\\Local\\pypoetry\\Cache\\virtualenvs\\read-html-venv--Gq2blu2-py3.6\\lib\\site-packages\\Pythonwin', 'C:\\Program Files\\JetBrains\\PyCharm 2018.1\\helpers\\pycharm_matplotlib_backend']】
[INFO 2020-05-02 22:15:54]日志路径：   【D:\04_code\github\python\read_html_venv\project\data\log】
[INFO 2020-05-02 22:15:54]main路径：   【D:\04_code\github\python\read_html_venv\project】
[INFO 2020-05-02 22:15:54]python路径： 【C:\Users\snow\AppData\Local\pypoetry\Cache\virtualenvs\read-html-venv--Gq2blu2-py3.6\Scripts\python.exe】
[INFO 2020-05-02 22:15:59]开始生成报告
[ERROR 2020-05-02 22:15:59]Traceback (most recent call last):
  File "D:\04_code\github\python\read_html_venv\project\plugs\decorator.py", line 27, in wrapper
    _ret = func(*args, **kwargs)
  File "D:/04_code/github/python/read_html_venv/project/main.py", line 180, in _start_btn_back
    self._handle()
  File "D:/04_code/github/python/read_html_venv/project/main.py", line 189, in _handle
    assessmentUI.set_fore()
  File "D:\04_code\github\python\read_html_venv\project\toprice\assessment_UI.py", line 36, in set_fore
    win32gui.SetForegroundWindow(self.hwnd)
pywintypes.error: (1400, 'SetForegroundWindow', '无效的窗口句柄。')

[INFO 2020-05-02 22:15:59]函数异常：【<function MainUI._start_btn_back at 0x000001B1F08D9F28>】, args:【(<__main__.MainUI object at 0x000001B1F089F518>,)】， kwargs:【{}】
[INFO 2020-05-02 22:16:47]------------------启动项目-----------------------------
[INFO 2020-05-02 22:16:47]平台信息：   【Windows-10-10.0.18362-SP0】
[INFO 2020-05-02 22:16:47]当前路径：   【D:\04_code\github\python\read_html_venv\project】
[INFO 2020-05-02 22:16:47]系统变量：   【['D:\\04_code\\github\\python\\read_html_venv\\project', 'D:\\04_code\\github\\python\\read_html_venv', 'C:\\Users\\snow\\AppData\\Local\\pypoetry\\Cache\\virtualenvs\\read-html-venv--Gq2blu2-py3.6\\Scripts\\python36.zip', 'C:\\Users\\snow\\AppData\\Local\\Programs\\Python\\Python36\\DLLs', 'C:\\Users\\snow\\AppData\\Local\\Programs\\Python\\Python36\\lib', 'C:\\Users\\snow\\AppData\\Local\\Programs\\Python\\Python36', 'C:\\Users\\snow\\AppData\\Local\\pypoetry\\Cache\\virtualenvs\\read-html-venv--Gq2blu2-py3.6', 'C:\\Users\\snow\\AppData\\Local\\pypoetry\\Cache\\virtualenvs\\read-html-venv--Gq2blu2-py3.6\\lib\\site-packages', 'C:\\Users\\snow\\AppData\\Local\\pypoetry\\Cache\\virtualenvs\\read-html-venv--Gq2blu2-py3.6\\lib\\site-packages\\win32', 'C:\\Users\\snow\\AppData\\Local\\pypoetry\\Cache\\virtualenvs\\read-html-venv--Gq2blu2-py3.6\\lib\\site-packages\\win32\\lib', 'C:\\Users\\snow\\AppData\\Local\\pypoetry\\Cache\\virtualenvs\\read-html-venv--Gq2blu2-py3.6\\lib\\site-packages\\Pythonwin', 'C:\\Program Files\\JetBrains\\PyCharm 2018.1\\helpers\\pycharm_matplotlib_backend']】
[INFO 2020-05-02 22:16:47]日志路径：   【D:\04_code\github\python\read_html_venv\project\data\log】
[INFO 2020-05-02 22:16:47]main路径：   【D:\04_code\github\python\read_html_venv\project】
[INFO 2020-05-02 22:16:47]python路径： 【C:\Users\snow\AppData\Local\pypoetry\Cache\virtualenvs\read-html-venv--Gq2blu2-py3.6\Scripts\python.exe】
[INFO 2020-05-02 22:16:48]开始生成报告
[ERROR 2020-05-02 22:16:48]Traceback (most recent call last):
  File "D:\04_code\github\python\read_html_venv\project\plugs\decorator.py", line 27, in wrapper
    _ret = func(*args, **kwargs)
  File "D:/04_code/github/python/read_html_venv/project/main.py", line 181, in _start_btn_back
    self._handle()
  File "D:/04_code/github/python/read_html_venv/project/main.py", line 190, in _handle
    assessmentUI.set_fore()
  File "D:\04_code\github\python\read_html_venv\project\toprice\assessment_UI.py", line 36, in set_fore
    win32gui.SetForegroundWindow(self.hwnd)
pywintypes.error: (1400, 'SetForegroundWindow', '无效的窗口句柄。')

[INFO 2020-05-02 22:16:48]函数异常：【<function MainUI._start_btn_back at 0x000001BB301D9F28>】, args:【(<__main__.MainUI object at 0x000001BB3019F4E0>,)】， kwargs:【{}】
[INFO 2020-05-02 22:16:49]开始生成报告
[ERROR 2020-05-02 22:16:49]Traceback (most recent call last):
  File "D:\04_code\github\python\read_html_venv\project\plugs\decorator.py", line 27, in wrapper
    _ret = func(*args, **kwargs)
  File "D:/04_code/github/python/read_html_venv/project/main.py", line 181, in _start_btn_back
    self._handle()
  File "D:/04_code/github/python/read_html_venv/project/main.py", line 190, in _handle
    assessmentUI.set_fore()
  File "D:\04_code\github\python\read_html_venv\project\toprice\assessment_UI.py", line 36, in set_fore
    win32gui.SetForegroundWindow(self.hwnd)
pywintypes.error: (1400, 'SetForegroundWindow', '无效的窗口句柄。')

[INFO 2020-05-02 22:16:49]函数异常：【<function MainUI._start_btn_back at 0x000001BB301D9F28>】, args:【(<__main__.MainUI object at 0x000001BB3019F4E0>,)】， kwargs:【{}】
[INFO 2020-05-02 22:17:00]开始生成报告
[ERROR 2020-05-02 22:17:00]Traceback (most recent call last):
  File "D:\04_code\github\python\read_html_venv\project\plugs\decorator.py", line 27, in wrapper
    _ret = func(*args, **kwargs)
  File "D:/04_code/github/python/read_html_venv/project/main.py", line 181, in _start_btn_back
    self._handle()
  File "D:/04_code/github/python/read_html_venv/project/main.py", line 190, in _handle
    assessmentUI.set_fore()
  File "D:\04_code\github\python\read_html_venv\project\toprice\assessment_UI.py", line 36, in set_fore
    win32gui.SetForegroundWindow(self.hwnd)
pywintypes.error: (1400, 'SetForegroundWindow', '无效的窗口句柄。')

[INFO 2020-05-02 22:17:00]函数异常：【<function MainUI._start_btn_back at 0x000001BB301D9F28>】, args:【(<__main__.MainUI object at 0x000001BB3019F4E0>,)】， kwargs:【{}】
[INFO 2020-05-02 22:33:13]------------------启动项目-----------------------------
[INFO 2020-05-02 22:33:13]平台信息：   【Windows-10-10.0.18362-SP0】
[INFO 2020-05-02 22:33:13]当前路径：   【D:\04_code\github\python\read_html_venv\project】
[INFO 2020-05-02 22:33:13]系统变量：   【['D:\\04_code\\github\\python\\read_html_venv\\project', 'D:\\04_code\\github\\python\\read_html_venv', 'C:\\Users\\snow\\AppData\\Local\\pypoetry\\Cache\\virtualenvs\\read-html-venv--Gq2blu2-py3.6\\Scripts\\python36.zip', 'C:\\Users\\snow\\AppData\\Local\\Programs\\Python\\Python36\\DLLs', 'C:\\Users\\snow\\AppData\\Local\\Programs\\Python\\Python36\\lib', 'C:\\Users\\snow\\AppData\\Local\\Programs\\Python\\Python36', 'C:\\Users\\snow\\AppData\\Local\\pypoetry\\Cache\\virtualenvs\\read-html-venv--Gq2blu2-py3.6', 'C:\\Users\\snow\\AppData\\Local\\pypoetry\\Cache\\virtualenvs\\read-html-venv--Gq2blu2-py3.6\\lib\\site-packages', 'C:\\Users\\snow\\AppData\\Local\\pypoetry\\Cache\\virtualenvs\\read-html-venv--Gq2blu2-py3.6\\lib\\site-packages\\win32', 'C:\\Users\\snow\\AppData\\Local\\pypoetry\\Cache\\virtualenvs\\read-html-venv--Gq2blu2-py3.6\\lib\\site-packages\\win32\\lib', 'C:\\Users\\snow\\AppData\\Local\\pypoetry\\Cache\\virtualenvs\\read-html-venv--Gq2blu2-py3.6\\lib\\site-packages\\Pythonwin', 'C:\\Program Files\\JetBrains\\PyCharm 2018.1\\helpers\\pycharm_matplotlib_backend']】
[INFO 2020-05-02 22:33:13]日志路径：   【D:\04_code\github\python\read_html_venv\project\data\log】
[INFO 2020-05-02 22:33:13]main路径：   【D:\04_code\github\python\read_html_venv\project】
[INFO 2020-05-02 22:33:13]python路径： 【C:\Users\snow\AppData\Local\pypoetry\Cache\virtualenvs\read-html-venv--Gq2blu2-py3.6\Scripts\python.exe】
[ERROR 2020-05-02 22:33:13]程序奔溃啦！ 快点联系开发者！
[ERROR 2020-05-02 22:33:13]程序奔溃啦！ 快点联系开发者！
[INFO 2020-05-02 22:33:27]------------------启动项目-----------------------------
[INFO 2020-05-02 22:33:27]平台信息：   【Windows-10-10.0.18362-SP0】
[INFO 2020-05-02 22:33:27]当前路径：   【D:\04_code\github\python\read_html_venv\project】
[INFO 2020-05-02 22:33:27]系统变量：   【['D:\\04_code\\github\\python\\read_html_venv\\project', 'D:\\04_code\\github\\python\\read_html_venv', 'C:\\Users\\snow\\AppData\\Local\\pypoetry\\Cache\\virtualenvs\\read-html-venv--Gq2blu2-py3.6\\Scripts\\python36.zip', 'C:\\Users\\snow\\AppData\\Local\\Programs\\Python\\Python36\\DLLs', 'C:\\Users\\snow\\AppData\\Local\\Programs\\Python\\Python36\\lib', 'C:\\Users\\snow\\AppData\\Local\\Programs\\Python\\Python36', 'C:\\Users\\snow\\AppData\\Local\\pypoetry\\Cache\\virtualenvs\\read-html-venv--Gq2blu2-py3.6', 'C:\\Users\\snow\\AppData\\Local\\pypoetry\\Cache\\virtualenvs\\read-html-venv--Gq2blu2-py3.6\\lib\\site-packages', 'C:\\Users\\snow\\AppData\\Local\\pypoetry\\Cache\\virtualenvs\\read-html-venv--Gq2blu2-py3.6\\lib\\site-packages\\win32', 'C:\\Users\\snow\\AppData\\Local\\pypoetry\\Cache\\virtualenvs\\read-html-venv--Gq2blu2-py3.6\\lib\\site-packages\\win32\\lib', 'C:\\Users\\snow\\AppData\\Local\\pypoetry\\Cache\\virtualenvs\\read-html-venv--Gq2blu2-py3.6\\lib\\site-packages\\Pythonwin', 'C:\\Program Files\\JetBrains\\PyCharm 2018.1\\helpers\\pycharm_matplotlib_backend']】
[INFO 2020-05-02 22:33:27]日志路径：   【D:\04_code\github\python\read_html_venv\project\data\log】
[INFO 2020-05-02 22:33:27]main路径：   【D:\04_code\github\python\read_html_venv\project】
[INFO 2020-05-02 22:33:27]python路径： 【C:\Users\snow\AppData\Local\pypoetry\Cache\virtualenvs\read-html-venv--Gq2blu2-py3.6\Scripts\python.exe】
[INFO 2020-05-02 22:33:43]------------------启动项目-----------------------------
[INFO 2020-05-02 22:33:43]平台信息：   【Windows-10-10.0.18362-SP0】
[INFO 2020-05-02 22:33:43]当前路径：   【D:\04_code\github\python\read_html_venv\project】
[INFO 2020-05-02 22:33:43]系统变量：   【['D:\\04_code\\github\\python\\read_html_venv\\project', 'D:\\04_code\\github\\python\\read_html_venv', 'C:\\Users\\snow\\AppData\\Local\\pypoetry\\Cache\\virtualenvs\\read-html-venv--Gq2blu2-py3.6\\Scripts\\python36.zip', 'C:\\Users\\snow\\AppData\\Local\\Programs\\Python\\Python36\\DLLs', 'C:\\Users\\snow\\AppData\\Local\\Programs\\Python\\Python36\\lib', 'C:\\Users\\snow\\AppData\\Local\\Programs\\Python\\Python36', 'C:\\Users\\snow\\AppData\\Local\\pypoetry\\Cache\\virtualenvs\\read-html-venv--Gq2blu2-py3.6', 'C:\\Users\\snow\\AppData\\Local\\pypoetry\\Cache\\virtualenvs\\read-html-venv--Gq2blu2-py3.6\\lib\\site-packages', 'C:\\Users\\snow\\AppData\\Local\\pypoetry\\Cache\\virtualenvs\\read-html-venv--Gq2blu2-py3.6\\lib\\site-packages\\win32', 'C:\\Users\\snow\\AppData\\Local\\pypoetry\\Cache\\virtualenvs\\read-html-venv--Gq2blu2-py3.6\\lib\\site-packages\\win32\\lib', 'C:\\Users\\snow\\AppData\\Local\\pypoetry\\Cache\\virtualenvs\\read-html-venv--Gq2blu2-py3.6\\lib\\site-packages\\Pythonwin', 'C:\\Program Files\\JetBrains\\PyCharm 2018.1\\helpers\\pycharm_matplotlib_backend']】
[INFO 2020-05-02 22:33:43]日志路径：   【D:\04_code\github\python\read_html_venv\project\data\log】
[INFO 2020-05-02 22:33:43]main路径：   【D:\04_code\github\python\read_html_venv\project】
[INFO 2020-05-02 22:33:43]python路径： 【C:\Users\snow\AppData\Local\pypoetry\Cache\virtualenvs\read-html-venv--Gq2blu2-py3.6\Scripts\python.exe】
[INFO 2020-05-02 22:34:42]------------------启动项目-----------------------------
[INFO 2020-05-02 22:34:42]平台信息：   【Windows-10-10.0.18362-SP0】
[INFO 2020-05-02 22:34:42]当前路径：   【D:\04_code\github\python\read_html_venv\project】
[INFO 2020-05-02 22:34:42]系统变量：   【['D:\\04_code\\github\\python\\read_html_venv\\project', 'D:\\04_code\\github\\python\\read_html_venv', 'C:\\Users\\snow\\AppData\\Local\\pypoetry\\Cache\\virtualenvs\\read-html-venv--Gq2blu2-py3.6\\Scripts\\python36.zip', 'C:\\Users\\snow\\AppData\\Local\\Programs\\Python\\Python36\\DLLs', 'C:\\Users\\snow\\AppData\\Local\\Programs\\Python\\Python36\\lib', 'C:\\Users\\snow\\AppData\\Local\\Programs\\Python\\Python36', 'C:\\Users\\snow\\AppData\\Local\\pypoetry\\Cache\\virtualenvs\\read-html-venv--Gq2blu2-py3.6', 'C:\\Users\\snow\\AppData\\Local\\pypoetry\\Cache\\virtualenvs\\read-html-venv--Gq2blu2-py3.6\\lib\\site-packages', 'C:\\Users\\snow\\AppData\\Local\\pypoetry\\Cache\\virtualenvs\\read-html-venv--Gq2blu2-py3.6\\lib\\site-packages\\win32', 'C:\\Users\\snow\\AppData\\Local\\pypoetry\\Cache\\virtualenvs\\read-html-venv--Gq2blu2-py3.6\\lib\\site-packages\\win32\\lib', 'C:\\Users\\snow\\AppData\\Local\\pypoetry\\Cache\\virtualenvs\\read-html-venv--Gq2blu2-py3.6\\lib\\site-packages\\Pythonwin', 'C:\\Program Files\\JetBrains\\PyCharm 2018.1\\helpers\\pycharm_matplotlib_backend']】
[INFO 2020-05-02 22:34:42]日志路径：   【D:\04_code\github\python\read_html_venv\project\data\log】
[INFO 2020-05-02 22:34:42]main路径：   【D:\04_code\github\python\read_html_venv\project】
[INFO 2020-05-02 22:34:42]python路径： 【C:\Users\snow\AppData\Local\pypoetry\Cache\virtualenvs\read-html-venv--Gq2blu2-py3.6\Scripts\python.exe】
[INFO 2020-05-02 22:34:44]------------------启动项目-----------------------------
[INFO 2020-05-02 22:34:44]平台信息：   【Windows-10-10.0.18362-SP0】
[INFO 2020-05-02 22:34:44]当前路径：   【D:\04_code\github\python\read_html_venv\project】
[INFO 2020-05-02 22:34:44]系统变量：   【['D:\\04_code\\github\\python\\read_html_venv\\project', 'D:\\04_code\\github\\python\\read_html_venv', 'C:\\Users\\snow\\AppData\\Local\\pypoetry\\Cache\\virtualenvs\\read-html-venv--Gq2blu2-py3.6\\Scripts\\python36.zip', 'C:\\Users\\snow\\AppData\\Local\\Programs\\Python\\Python36\\DLLs', 'C:\\Users\\snow\\AppData\\Local\\Programs\\Python\\Python36\\lib', 'C:\\Users\\snow\\AppData\\Local\\Programs\\Python\\Python36', 'C:\\Users\\snow\\AppData\\Local\\pypoetry\\Cache\\virtualenvs\\read-html-venv--Gq2blu2-py3.6', 'C:\\Users\\snow\\AppData\\Local\\pypoetry\\Cache\\virtualenvs\\read-html-venv--Gq2blu2-py3.6\\lib\\site-packages', 'C:\\Users\\snow\\AppData\\Local\\pypoetry\\Cache\\virtualenvs\\read-html-venv--Gq2blu2-py3.6\\lib\\site-packages\\win32', 'C:\\Users\\snow\\AppData\\Local\\pypoetry\\Cache\\virtualenvs\\read-html-venv--Gq2blu2-py3.6\\lib\\site-packages\\win32\\lib', 'C:\\Users\\snow\\AppData\\Local\\pypoetry\\Cache\\virtualenvs\\read-html-venv--Gq2blu2-py3.6\\lib\\site-packages\\Pythonwin', 'C:\\Program Files\\JetBrains\\PyCharm 2018.1\\helpers\\pycharm_matplotlib_backend']】
[INFO 2020-05-02 22:34:44]日志路径：   【D:\04_code\github\python\read_html_venv\project\data\log】
[INFO 2020-05-02 22:34:44]main路径：   【D:\04_code\github\python\read_html_venv\project】
[INFO 2020-05-02 22:34:44]python路径： 【C:\Users\snow\AppData\Local\pypoetry\Cache\virtualenvs\read-html-venv--Gq2blu2-py3.6\Scripts\python.exe】
[INFO 2020-05-02 22:34:53]------------------启动项目-----------------------------
[INFO 2020-05-02 22:34:54]平台信息：   【Windows-10-10.0.18362-SP0】
[INFO 2020-05-02 22:34:54]当前路径：   【D:\04_code\github\python\read_html_venv\project】
[INFO 2020-05-02 22:34:54]系统变量：   【['D:\\04_code\\github\\python\\read_html_venv\\project', 'D:\\04_code\\github\\python\\read_html_venv', 'C:\\Users\\snow\\AppData\\Local\\pypoetry\\Cache\\virtualenvs\\read-html-venv--Gq2blu2-py3.6\\Scripts\\python36.zip', 'C:\\Users\\snow\\AppData\\Local\\Programs\\Python\\Python36\\DLLs', 'C:\\Users\\snow\\AppData\\Local\\Programs\\Python\\Python36\\lib', 'C:\\Users\\snow\\AppData\\Local\\Programs\\Python\\Python36', 'C:\\Users\\snow\\AppData\\Local\\pypoetry\\Cache\\virtualenvs\\read-html-venv--Gq2blu2-py3.6', 'C:\\Users\\snow\\AppData\\Local\\pypoetry\\Cache\\virtualenvs\\read-html-venv--Gq2blu2-py3.6\\lib\\site-packages', 'C:\\Users\\snow\\AppData\\Local\\pypoetry\\Cache\\virtualenvs\\read-html-venv--Gq2blu2-py3.6\\lib\\site-packages\\win32', 'C:\\Users\\snow\\AppData\\Local\\pypoetry\\Cache\\virtualenvs\\read-html-venv--Gq2blu2-py3.6\\lib\\site-packages\\win32\\lib', 'C:\\Users\\snow\\AppData\\Local\\pypoetry\\Cache\\virtualenvs\\read-html-venv--Gq2blu2-py3.6\\lib\\site-packages\\Pythonwin', 'C:\\Program Files\\JetBrains\\PyCharm 2018.1\\helpers\\pycharm_matplotlib_backend']】
[INFO 2020-05-02 22:34:54]日志路径：   【D:\04_code\github\python\read_html_venv\project\data\log】
[INFO 2020-05-02 22:34:54]main路径：   【D:\04_code\github\python\read_html_venv\project】
[INFO 2020-05-02 22:34:54]python路径： 【C:\Users\snow\AppData\Local\pypoetry\Cache\virtualenvs\read-html-venv--Gq2blu2-py3.6\Scripts\python.exe】
[INFO 2020-05-02 22:35:55]------------------启动项目-----------------------------
[INFO 2020-05-02 22:35:55]平台信息：   【Windows-10-10.0.18362-SP0】
[INFO 2020-05-02 22:35:55]当前路径：   【D:\04_code\github\python\read_html_venv\project】
[INFO 2020-05-02 22:35:55]系统变量：   【['D:\\04_code\\github\\python\\read_html_venv\\project', 'D:\\04_code\\github\\python\\read_html_venv', 'C:\\Users\\snow\\AppData\\Local\\pypoetry\\Cache\\virtualenvs\\read-html-venv--Gq2blu2-py3.6\\Scripts\\python36.zip', 'C:\\Users\\snow\\AppData\\Local\\Programs\\Python\\Python36\\DLLs', 'C:\\Users\\snow\\AppData\\Local\\Programs\\Python\\Python36\\lib', 'C:\\Users\\snow\\AppData\\Local\\Programs\\Python\\Python36', 'C:\\Users\\snow\\AppData\\Local\\pypoetry\\Cache\\virtualenvs\\read-html-venv--Gq2blu2-py3.6', 'C:\\Users\\snow\\AppData\\Local\\pypoetry\\Cache\\virtualenvs\\read-html-venv--Gq2blu2-py3.6\\lib\\site-packages', 'C:\\Users\\snow\\AppData\\Local\\pypoetry\\Cache\\virtualenvs\\read-html-venv--Gq2blu2-py3.6\\lib\\site-packages\\win32', 'C:\\Users\\snow\\AppData\\Local\\pypoetry\\Cache\\virtualenvs\\read-html-venv--Gq2blu2-py3.6\\lib\\site-packages\\win32\\lib', 'C:\\Users\\snow\\AppData\\Local\\pypoetry\\Cache\\virtualenvs\\read-html-venv--Gq2blu2-py3.6\\lib\\site-packages\\Pythonwin', 'C:\\Program Files\\JetBrains\\PyCharm 2018.1\\helpers\\pycharm_matplotlib_backend']】
[INFO 2020-05-02 22:35:55]日志路径：   【D:\04_code\github\python\read_html_venv\project\data\log】
[INFO 2020-05-02 22:35:55]main路径：   【D:\04_code\github\python\read_html_venv\project】
[INFO 2020-05-02 22:35:55]python路径： 【C:\Users\snow\AppData\Local\pypoetry\Cache\virtualenvs\read-html-venv--Gq2blu2-py3.6\Scripts\python.exe】
